#
# There is insufficient memory for the Java Runtime Environment to continue.
# Native memory allocation (mmap) failed to map 65536 bytes for Failed to commit metaspace.
# Possible reasons:
#   The system is out of physical RAM or swap space
#   The process is running with CompressedOops enabled, and the Java Heap may be blocking the growth of the native heap
# Possible solutions:
#   Reduce memory load on the system
#   Increase physical memory or swap space
#   Check if swap backing store is full
#   Decrease Java heap size (-Xmx/-Xms)
#   Decrease number of Java threads
#   Decrease Java thread stack sizes (-Xss)
#   Set larger code cache with -XX:ReservedCodeCacheSize=
#   JVM is running with Unscaled Compressed Oops mode in which the Java heap is
#     placed in the first 4GB address space. The Java Heap base address is the
#     maximum limit for the native heap growth. Please use -XX:HeapBaseMinAddress
#     to set the Java Heap base and to place the Java Heap above 4GB virtual address.
# This output file may be truncated or incomplete.
#
#  Out of Memory Error (virtualSpaceNode.cpp:110), pid=17280, tid=16024
#
# JRE version: OpenJDK Runtime Environment (17.0.6) (build 17.0.6+0-b2043.56-10027231)
# Java VM: OpenJDK 64-Bit Server VM (17.0.6+0-b2043.56-10027231, mixed mode, tiered, compressed oops, compressed class ptrs, g1 gc, windows-amd64)
# No core dump will be written. Minidumps are not enabled by default on client versions of Windows
#

---------------  S U M M A R Y ------------

Command Line: -Dorg.gradle.appname=gradlew org.gradle.wrapper.GradleWrapperMain -q -Ptarget-platform=android-x86 -Ptarget=C:\Users\Nanis\movieapp_200644\lib\main.dart -Pbase-application-name=android.app.Application -Pdart-defines=RkxVVFRFUl9XRUJfQVVUT19ERVRFQ1Q9dHJ1ZQ==,RkxVVFRFUl9XRUJfQ0FOVkFTS0lUX1VSTD1odHRwczovL3d3dy5nc3RhdGljLmNvbS9mbHV0dGVyLWNhbnZhc2tpdC9iMjAxODNlMDQwOTYwOTRiY2MzN2Q5Y2RlMmE0Yjk2ZjVjYzY4NGNmLw== -Pdart-obfuscation=false -Ptrack-widget-creation=true -Ptree-shake-icons=false -Pfilesystem-scheme=org-dartlang-root assembleDebug

Host: AMD Ryzen 7 3700U with Radeon Vega Mobile Gfx  , 8 cores, 6G,  Windows 11 , 64 bit Build 22621 (10.0.22621.2215)
Time: Sun Oct  8 12:25:41 2023 Hora estándar central (México) elapsed time: 1.747809 seconds (0d 0h 0m 1s)

---------------  T H R E A D  ---------------

Current thread (0x000001cad01027f0):  JavaThread "main" [_thread_in_vm, id=16024, stack(0x00000074ec900000,0x00000074eca00000)]

Stack: [0x00000074ec900000,0x00000074eca00000]
Native frames: (J=compiled Java code, j=interpreted, Vv=VM code, C=native code)
V  [jvm.dll+0x683c9a]
V  [jvm.dll+0x8427a4]
V  [jvm.dll+0x843f9e]
V  [jvm.dll+0x844603]
V  [jvm.dll+0x249b75]
V  [jvm.dll+0x83e7fb]
V  [jvm.dll+0x628006]
V  [jvm.dll+0x1c194e]
V  [jvm.dll+0x62a941]
V  [jvm.dll+0x6289a6]
V  [jvm.dll+0x3707f2]
V  [jvm.dll+0x1e565b]
V  [jvm.dll+0x548016]
V  [jvm.dll+0x7bd3d5]
V  [jvm.dll+0x7bd4ee]
V  [jvm.dll+0x41182a]
V  [jvm.dll+0x4179a9]
C  [java.dll+0x17ec]

Java frames: (J=compiled Java code, j=interpreted, Vv=VM code)
J 735  java.lang.ClassLoader.defineClass1(Ljava/lang/ClassLoader;Ljava/lang/String;[BIILjava/security/ProtectionDomain;Ljava/lang/String;)Ljava/lang/Class; java.base@17.0.6 (0 bytes) @ 0x000001cadb0cb05b [0x000001cadb0cafa0+0x00000000000000bb]
j  java.lang.ClassLoader.defineClass(Ljava/lang/String;[BIILjava/security/ProtectionDomain;)Ljava/lang/Class;+27 java.base@17.0.6
j  java.security.SecureClassLoader.defineClass(Ljava/lang/String;[BIILjava/security/CodeSource;)Ljava/lang/Class;+12 java.base@17.0.6
j  java.net.URLClassLoader.defineClass(Ljava/lang/String;Ljdk/internal/loader/Resource;)Ljava/lang/Class;+220 java.base@17.0.6
J 730 c1 java.net.URLClassLoader$1.run()Ljava/lang/Class; java.base@17.0.6 (81 bytes) @ 0x000001cad3708664 [0x000001cad3707a20+0x0000000000000c44]
J 684 c1 java.net.URLClassLoader$1.run()Ljava/lang/Object; java.base@17.0.6 (5 bytes) @ 0x000001cad36ecec4 [0x000001cad36ece40+0x0000000000000084]
J 623 c1 java.security.AccessController.doPrivileged(Ljava/security/PrivilegedExceptionAction;Ljava/security/AccessControlContext;)Ljava/lang/Object; java.base@17.0.6 (26 bytes) @ 0x000001cad36c3ef4 [0x000001cad36c3d20+0x00000000000001d4]
J 682 c1 java.net.URLClassLoader.findClass(Ljava/lang/String;)Ljava/lang/Class; java.base@17.0.6 (47 bytes) @ 0x000001cad36ec194 [0x000001cad36ec000+0x0000000000000194]
J 579 c1 java.lang.ClassLoader.loadClass(Ljava/lang/String;Z)Ljava/lang/Class; java.base@17.0.6 (121 bytes) @ 0x000001cad36af65c [0x000001cad36af0c0+0x000000000000059c]
J 569 c1 java.lang.ClassLoader.loadClass(Ljava/lang/String;)Ljava/lang/Class; java.base@17.0.6 (7 bytes) @ 0x000001cad36a7d3c [0x000001cad36a7c40+0x00000000000000fc]
v  ~StubRoutines::call_stub
j  org.gradle.launcher.cli.DefaultCommandLineActionFactory$WithLogging.execute(Lorg/gradle/launcher/bootstrap/ExecutionListener;)V+52
j  org.gradle.launcher.Main.doAction([Ljava/lang/String;Lorg/gradle/launcher/bootstrap/ExecutionListener;)V+14
j  org.gradle.launcher.bootstrap.EntryPoint.run([Ljava/lang/String;)V+12
v  ~StubRoutines::call_stub
j  jdk.internal.reflect.NativeMethodAccessorImpl.invoke0(Ljava/lang/reflect/Method;Ljava/lang/Object;[Ljava/lang/Object;)Ljava/lang/Object;+0 java.base@17.0.6
j  jdk.internal.reflect.NativeMethodAccessorImpl.invoke(Ljava/lang/Object;[Ljava/lang/Object;)Ljava/lang/Object;+133 java.base@17.0.6
j  jdk.internal.reflect.DelegatingMethodAccessorImpl.invoke(Ljava/lang/Object;[Ljava/lang/Object;)Ljava/lang/Object;+6 java.base@17.0.6
j  java.lang.reflect.Method.invoke(Ljava/lang/Object;[Ljava/lang/Object;)Ljava/lang/Object;+59 java.base@17.0.6
j  org.gradle.launcher.bootstrap.ProcessBootstrap.runNoExit(Ljava/lang/String;[Ljava/lang/String;)V+159
j  org.gradle.launcher.bootstrap.ProcessBootstrap.run(Ljava/lang/String;[Ljava/lang/String;)V+2
v  ~StubRoutines::call_stub
j  jdk.internal.reflect.NativeMethodAccessorImpl.invoke0(Ljava/lang/reflect/Method;Ljava/lang/Object;[Ljava/lang/Object;)Ljava/lang/Object;+0 java.base@17.0.6
j  jdk.internal.reflect.NativeMethodAccessorImpl.invoke(Ljava/lang/Object;[Ljava/lang/Object;)Ljava/lang/Object;+133 java.base@17.0.6
j  jdk.internal.reflect.DelegatingMethodAccessorImpl.invoke(Ljava/lang/Object;[Ljava/lang/Object;)Ljava/lang/Object;+6 java.base@17.0.6
j  java.lang.reflect.Method.invoke(Ljava/lang/Object;[Ljava/lang/Object;)Ljava/lang/Object;+59 java.base@17.0.6
j  org.gradle.launcher.GradleMain.main([Ljava/lang/String;)V+100
v  ~StubRoutines::call_stub
j  jdk.internal.reflect.NativeMethodAccessorImpl.invoke0(Ljava/lang/reflect/Method;Ljava/lang/Object;[Ljava/lang/Object;)Ljava/lang/Object;+0 java.base@17.0.6
j  jdk.internal.reflect.NativeMethodAccessorImpl.invoke(Ljava/lang/Object;[Ljava/lang/Object;)Ljava/lang/Object;+133 java.base@17.0.6
j  jdk.internal.reflect.DelegatingMethodAccessorImpl.invoke(Ljava/lang/Object;[Ljava/lang/Object;)Ljava/lang/Object;+6 java.base@17.0.6
j  java.lang.reflect.Method.invoke(Ljava/lang/Object;[Ljava/lang/Object;)Ljava/lang/Object;+59 java.base@17.0.6
j  org.gradle.wrapper.BootstrapMainStarter.start([Ljava/lang/String;Ljava/io/File;)V+82
j  org.gradle.wrapper.WrapperExecutor.execute([Ljava/lang/String;Lorg/gradle/wrapper/Install;Lorg/gradle/wrapper/BootstrapMainStarter;)V+14
j  org.gradle.wrapper.GradleWrapperMain.main([Ljava/lang/String;)V+190
v  ~StubRoutines::call_stub

---------------  P R O C E S S  ---------------

Threads class SMR info:
_java_thread_list=0x000001caea1d8cc0, length=12, elements={
0x000001cad01027f0, 0x000001cae95274b0, 0x000001cae9528320, 0x000001cae95475d0,
0x000001cae9548090, 0x000001caea024000, 0x000001caea025060, 0x000001caea028880,
0x000001caea044020, 0x000001caea058110, 0x000001caea1b5770, 0x000001caea1ed370
}

Java Threads: ( => current thread )
=>0x000001cad01027f0 JavaThread "main" [_thread_in_vm, id=16024, stack(0x00000074ec900000,0x00000074eca00000)]
  0x000001cae95274b0 JavaThread "Reference Handler" daemon [_thread_blocked, id=2864, stack(0x00000074ed000000,0x00000074ed100000)]
  0x000001cae9528320 JavaThread "Finalizer" daemon [_thread_blocked, id=6056, stack(0x00000074ed100000,0x00000074ed200000)]
  0x000001cae95475d0 JavaThread "Signal Dispatcher" daemon [_thread_blocked, id=7672, stack(0x00000074ed200000,0x00000074ed300000)]
  0x000001cae9548090 JavaThread "Attach Listener" daemon [_thread_blocked, id=3616, stack(0x00000074ed300000,0x00000074ed400000)]
  0x000001caea024000 JavaThread "Service Thread" daemon [_thread_blocked, id=17396, stack(0x00000074ed400000,0x00000074ed500000)]
  0x000001caea025060 JavaThread "Monitor Deflation Thread" daemon [_thread_blocked, id=13612, stack(0x00000074ed500000,0x00000074ed600000)]
  0x000001caea028880 JavaThread "C2 CompilerThread0" daemon [_thread_blocked, id=16224, stack(0x00000074ed600000,0x00000074ed700000)]
  0x000001caea044020 JavaThread "C1 CompilerThread0" daemon [_thread_blocked, id=15184, stack(0x00000074ed700000,0x00000074ed800000)]
  0x000001caea058110 JavaThread "Sweeper thread" daemon [_thread_blocked, id=15496, stack(0x00000074ed800000,0x00000074ed900000)]
  0x000001caea1b5770 JavaThread "Notification Thread" daemon [_thread_blocked, id=15908, stack(0x00000074ed900000,0x00000074eda00000)]
  0x000001caea1ed370 JavaThread "Common-Cleaner" daemon [_thread_blocked, id=11916, stack(0x00000074edb00000,0x00000074edc00000)]

Other Threads:
  0x000001cae95230e0 VMThread "VM Thread" [stack: 0x00000074ecf00000,0x00000074ed000000] [id=16592]
  0x000001caea1d5c50 WatcherThread [stack: 0x00000074eda00000,0x00000074edb00000] [id=14272]
  0x000001cad0156970 GCTaskThread "GC Thread#0" [stack: 0x00000074eca00000,0x00000074ecb00000] [id=16760]
  0x000001cad01656b0 ConcurrentGCThread "G1 Main Marker" [stack: 0x00000074ecb00000,0x00000074ecc00000] [id=14764]
  0x000001cad0166860 ConcurrentGCThread "G1 Conc#0" [stack: 0x00000074ecc00000,0x00000074ecd00000] [id=16424]
  0x000001cae93924b0 ConcurrentGCThread "G1 Refine#0" [stack: 0x00000074ecd00000,0x00000074ece00000] [id=3712]
  0x000001cad01b84a0 ConcurrentGCThread "G1 Service" [stack: 0x00000074ece00000,0x00000074ecf00000] [id=13772]

Threads with active compile tasks:

VM state: not at safepoint (normal execution)

VM Mutex/Monitor currently owned by a thread:  ([mutex/lock_event])
[0x000001cad0102570] Metaspace_lock - owner thread: 0x000001cad01027f0

Heap address: 0x0000000091000000, size: 1776 MB, Compressed Oops mode: 32-bit

CDS archive(s) not mapped
Compressed class space mapped at: 0x0000000100000000-0x0000000140000000, reserved size: 1073741824
Narrow klass base: 0x0000000000000000, Narrow klass shift: 3, Narrow klass range: 0x140000000

GC Precious Log:
 CPUs: 8 total, 8 available
 Memory: 7103M
 Large Page Support: Disabled
 NUMA Support: Disabled
 Compressed Oops: Enabled (32-bit)
 Heap Region Size: 1M
 Heap Min Capacity: 8M
 Heap Initial Capacity: 112M
 Heap Max Capacity: 1776M
 Pre-touch: Disabled
 Parallel Workers: 8
 Concurrent Workers: 2
 Concurrent Refinement Workers: 8
 Periodic GC: Disabled

Heap:
 garbage-first heap   total 114688K, used 24576K [0x0000000091000000, 0x0000000100000000)
  region size 1024K, 20 young (20480K), 0 survivors (0K)
 Metaspace       used 10236K, committed 10368K, reserved 1064960K
  class space    used 996K, committed 1024K, reserved 1048576K

Heap Regions: E=young(eden), S=young(survivor), O=old, HS=humongous(starts), HC=humongous(continues), CS=collection set, F=free, OA=open archive, CA=closed archive, TAMS=top-at-mark-start (previous, next)
|   0|0x0000000091000000, 0x0000000091100000, 0x0000000091100000|100%|HS|  |TAMS 0x0000000091000000, 0x0000000091000000| Complete 
|   1|0x0000000091100000, 0x0000000091200000, 0x0000000091200000|100%|HC|  |TAMS 0x0000000091100000, 0x0000000091100000| Complete 
|   2|0x0000000091200000, 0x0000000091300000, 0x0000000091300000|100%|HC|  |TAMS 0x0000000091200000, 0x0000000091200000| Complete 
|   3|0x0000000091300000, 0x0000000091400000, 0x0000000091400000|100%|HS|  |TAMS 0x0000000091300000, 0x0000000091300000| Complete 
|   4|0x0000000091400000, 0x0000000091500000, 0x0000000091500000|100%|HC|  |TAMS 0x0000000091400000, 0x0000000091400000| Complete 
|   5|0x0000000091500000, 0x0000000091600000, 0x0000000091600000|100%|HC|  |TAMS 0x0000000091500000, 0x0000000091500000| Complete 
|   6|0x0000000091600000, 0x0000000091600000, 0x0000000091700000|  0%| F|  |TAMS 0x0000000091600000, 0x0000000091600000| Untracked 
|   7|0x0000000091700000, 0x0000000091700000, 0x0000000091800000|  0%| F|  |TAMS 0x0000000091700000, 0x0000000091700000| Untracked 
|   8|0x0000000091800000, 0x0000000091800000, 0x0000000091900000|  0%| F|  |TAMS 0x0000000091800000, 0x0000000091800000| Untracked 
|   9|0x0000000091900000, 0x0000000091900000, 0x0000000091a00000|  0%| F|  |TAMS 0x0000000091900000, 0x0000000091900000| Untracked 
|  10|0x0000000091a00000, 0x0000000091a00000, 0x0000000091b00000|  0%| F|  |TAMS 0x0000000091a00000, 0x0000000091a00000| Untracked 
|  11|0x0000000091b00000, 0x0000000091b00000, 0x0000000091c00000|  0%| F|  |TAMS 0x0000000091b00000, 0x0000000091b00000| Untracked 
|  12|0x0000000091c00000, 0x0000000091c00000, 0x0000000091d00000|  0%| F|  |TAMS 0x0000000091c00000, 0x0000000091c00000| Untracked 
|  13|0x0000000091d00000, 0x0000000091d00000, 0x0000000091e00000|  0%| F|  |TAMS 0x0000000091d00000, 0x0000000091d00000| Untracked 
|  14|0x0000000091e00000, 0x0000000091e00000, 0x0000000091f00000|  0%| F|  |TAMS 0x0000000091e00000, 0x0000000091e00000| Untracked 
|  15|0x0000000091f00000, 0x0000000091f00000, 0x0000000092000000|  0%| F|  |TAMS 0x0000000091f00000, 0x0000000091f00000| Untracked 
|  16|0x0000000092000000, 0x0000000092000000, 0x0000000092100000|  0%| F|  |TAMS 0x0000000092000000, 0x0000000092000000| Untracked 
|  17|0x0000000092100000, 0x0000000092100000, 0x0000000092200000|  0%| F|  |TAMS 0x0000000092100000, 0x0000000092100000| Untracked 
|  18|0x0000000092200000, 0x0000000092200000, 0x0000000092300000|  0%| F|  |TAMS 0x0000000092200000, 0x0000000092200000| Untracked 
|  19|0x0000000092300000, 0x0000000092300000, 0x0000000092400000|  0%| F|  |TAMS 0x0000000092300000, 0x0000000092300000| Untracked 
|  20|0x0000000092400000, 0x0000000092400000, 0x0000000092500000|  0%| F|  |TAMS 0x0000000092400000, 0x0000000092400000| Untracked 
|  21|0x0000000092500000, 0x0000000092500000, 0x0000000092600000|  0%| F|  |TAMS 0x0000000092500000, 0x0000000092500000| Untracked 
|  22|0x0000000092600000, 0x0000000092600000, 0x0000000092700000|  0%| F|  |TAMS 0x0000000092600000, 0x0000000092600000| Untracked 
|  23|0x0000000092700000, 0x0000000092700000, 0x0000000092800000|  0%| F|  |TAMS 0x0000000092700000, 0x0000000092700000| Untracked 
|  24|0x0000000092800000, 0x0000000092800000, 0x0000000092900000|  0%| F|  |TAMS 0x0000000092800000, 0x0000000092800000| Untracked 
|  25|0x0000000092900000, 0x0000000092900000, 0x0000000092a00000|  0%| F|  |TAMS 0x0000000092900000, 0x0000000092900000| Untracked 
|  26|0x0000000092a00000, 0x0000000092a00000, 0x0000000092b00000|  0%| F|  |TAMS 0x0000000092a00000, 0x0000000092a00000| Untracked 
|  27|0x0000000092b00000, 0x0000000092b00000, 0x0000000092c00000|  0%| F|  |TAMS 0x0000000092b00000, 0x0000000092b00000| Untracked 
|  28|0x0000000092c00000, 0x0000000092c00000, 0x0000000092d00000|  0%| F|  |TAMS 0x0000000092c00000, 0x0000000092c00000| Untracked 
|  29|0x0000000092d00000, 0x0000000092d00000, 0x0000000092e00000|  0%| F|  |TAMS 0x0000000092d00000, 0x0000000092d00000| Untracked 
|  30|0x0000000092e00000, 0x0000000092e00000, 0x0000000092f00000|  0%| F|  |TAMS 0x0000000092e00000, 0x0000000092e00000| Untracked 
|  31|0x0000000092f00000, 0x0000000092f00000, 0x0000000093000000|  0%| F|  |TAMS 0x0000000092f00000, 0x0000000092f00000| Untracked 
|  32|0x0000000093000000, 0x0000000093000000, 0x0000000093100000|  0%| F|  |TAMS 0x0000000093000000, 0x0000000093000000| Untracked 
|  33|0x0000000093100000, 0x0000000093100000, 0x0000000093200000|  0%| F|  |TAMS 0x0000000093100000, 0x0000000093100000| Untracked 
|  34|0x0000000093200000, 0x0000000093200000, 0x0000000093300000|  0%| F|  |TAMS 0x0000000093200000, 0x0000000093200000| Untracked 
|  35|0x0000000093300000, 0x0000000093300000, 0x0000000093400000|  0%| F|  |TAMS 0x0000000093300000, 0x0000000093300000| Untracked 
|  36|0x0000000093400000, 0x0000000093400000, 0x0000000093500000|  0%| F|  |TAMS 0x0000000093400000, 0x0000000093400000| Untracked 
|  37|0x0000000093500000, 0x0000000093500000, 0x0000000093600000|  0%| F|  |TAMS 0x0000000093500000, 0x0000000093500000| Untracked 
|  38|0x0000000093600000, 0x0000000093600000, 0x0000000093700000|  0%| F|  |TAMS 0x0000000093600000, 0x0000000093600000| Untracked 
|  39|0x0000000093700000, 0x0000000093700000, 0x0000000093800000|  0%| F|  |TAMS 0x0000000093700000, 0x0000000093700000| Untracked 
|  40|0x0000000093800000, 0x0000000093800000, 0x0000000093900000|  0%| F|  |TAMS 0x0000000093800000, 0x0000000093800000| Untracked 
|  41|0x0000000093900000, 0x0000000093900000, 0x0000000093a00000|  0%| F|  |TAMS 0x0000000093900000, 0x0000000093900000| Untracked 
|  42|0x0000000093a00000, 0x0000000093a00000, 0x0000000093b00000|  0%| F|  |TAMS 0x0000000093a00000, 0x0000000093a00000| Untracked 
|  43|0x0000000093b00000, 0x0000000093b00000, 0x0000000093c00000|  0%| F|  |TAMS 0x0000000093b00000, 0x0000000093b00000| Untracked 
|  44|0x0000000093c00000, 0x0000000093c00000, 0x0000000093d00000|  0%| F|  |TAMS 0x0000000093c00000, 0x0000000093c00000| Untracked 
|  45|0x0000000093d00000, 0x0000000093d00000, 0x0000000093e00000|  0%| F|  |TAMS 0x0000000093d00000, 0x0000000093d00000| Untracked 
|  46|0x0000000093e00000, 0x0000000093e00000, 0x0000000093f00000|  0%| F|  |TAMS 0x0000000093e00000, 0x0000000093e00000| Untracked 
|  47|0x0000000093f00000, 0x0000000093f00000, 0x0000000094000000|  0%| F|  |TAMS 0x0000000093f00000, 0x0000000093f00000| Untracked 
|  48|0x0000000094000000, 0x0000000094000000, 0x0000000094100000|  0%| F|  |TAMS 0x0000000094000000, 0x0000000094000000| Untracked 
|  49|0x0000000094100000, 0x0000000094100000, 0x0000000094200000|  0%| F|  |TAMS 0x0000000094100000, 0x0000000094100000| Untracked 
|  50|0x0000000094200000, 0x0000000094200000, 0x0000000094300000|  0%| F|  |TAMS 0x0000000094200000, 0x0000000094200000| Untracked 
|  51|0x0000000094300000, 0x0000000094300000, 0x0000000094400000|  0%| F|  |TAMS 0x0000000094300000, 0x0000000094300000| Untracked 
|  52|0x0000000094400000, 0x0000000094400000, 0x0000000094500000|  0%| F|  |TAMS 0x0000000094400000, 0x0000000094400000| Untracked 
|  53|0x0000000094500000, 0x0000000094500000, 0x0000000094600000|  0%| F|  |TAMS 0x0000000094500000, 0x0000000094500000| Untracked 
|  54|0x0000000094600000, 0x0000000094600000, 0x0000000094700000|  0%| F|  |TAMS 0x0000000094600000, 0x0000000094600000| Untracked 
|  55|0x0000000094700000, 0x0000000094700000, 0x0000000094800000|  0%| F|  |TAMS 0x0000000094700000, 0x0000000094700000| Untracked 
|  56|0x0000000094800000, 0x0000000094800000, 0x0000000094900000|  0%| F|  |TAMS 0x0000000094800000, 0x0000000094800000| Untracked 
|  57|0x0000000094900000, 0x0000000094900000, 0x0000000094a00000|  0%| F|  |TAMS 0x0000000094900000, 0x0000000094900000| Untracked 
|  58|0x0000000094a00000, 0x0000000094a00000, 0x0000000094b00000|  0%| F|  |TAMS 0x0000000094a00000, 0x0000000094a00000| Untracked 
|  59|0x0000000094b00000, 0x0000000094b00000, 0x0000000094c00000|  0%| F|  |TAMS 0x0000000094b00000, 0x0000000094b00000| Untracked 
|  60|0x0000000094c00000, 0x0000000094c00000, 0x0000000094d00000|  0%| F|  |TAMS 0x0000000094c00000, 0x0000000094c00000| Untracked 
|  61|0x0000000094d00000, 0x0000000094d00000, 0x0000000094e00000|  0%| F|  |TAMS 0x0000000094d00000, 0x0000000094d00000| Untracked 
|  62|0x0000000094e00000, 0x0000000094e00000, 0x0000000094f00000|  0%| F|  |TAMS 0x0000000094e00000, 0x0000000094e00000| Untracked 
|  63|0x0000000094f00000, 0x0000000094f00000, 0x0000000095000000|  0%| F|  |TAMS 0x0000000094f00000, 0x0000000094f00000| Untracked 
|  64|0x0000000095000000, 0x0000000095000000, 0x0000000095100000|  0%| F|  |TAMS 0x0000000095000000, 0x0000000095000000| Untracked 
|  65|0x0000000095100000, 0x0000000095100000, 0x0000000095200000|  0%| F|  |TAMS 0x0000000095100000, 0x0000000095100000| Untracked 
|  66|0x0000000095200000, 0x0000000095200000, 0x0000000095300000|  0%| F|  |TAMS 0x0000000095200000, 0x0000000095200000| Untracked 
|  67|0x0000000095300000, 0x0000000095300000, 0x0000000095400000|  0%| F|  |TAMS 0x0000000095300000, 0x0000000095300000| Untracked 
|  68|0x0000000095400000, 0x0000000095400000, 0x0000000095500000|  0%| F|  |TAMS 0x0000000095400000, 0x0000000095400000| Untracked 
|  69|0x0000000095500000, 0x0000000095500000, 0x0000000095600000|  0%| F|  |TAMS 0x0000000095500000, 0x0000000095500000| Untracked 
|  70|0x0000000095600000, 0x0000000095600000, 0x0000000095700000|  0%| F|  |TAMS 0x0000000095600000, 0x0000000095600000| Untracked 
|  71|0x0000000095700000, 0x0000000095700000, 0x0000000095800000|  0%| F|  |TAMS 0x0000000095700000, 0x0000000095700000| Untracked 
|  72|0x0000000095800000, 0x0000000095800000, 0x0000000095900000|  0%| F|  |TAMS 0x0000000095800000, 0x0000000095800000| Untracked 
|  73|0x0000000095900000, 0x0000000095900000, 0x0000000095a00000|  0%| F|  |TAMS 0x0000000095900000, 0x0000000095900000| Untracked 
|  74|0x0000000095a00000, 0x0000000095a00000, 0x0000000095b00000|  0%| F|  |TAMS 0x0000000095a00000, 0x0000000095a00000| Untracked 
|  75|0x0000000095b00000, 0x0000000095b00000, 0x0000000095c00000|  0%| F|  |TAMS 0x0000000095b00000, 0x0000000095b00000| Untracked 
|  76|0x0000000095c00000, 0x0000000095c00000, 0x0000000095d00000|  0%| F|  |TAMS 0x0000000095c00000, 0x0000000095c00000| Untracked 
|  77|0x0000000095d00000, 0x0000000095d00000, 0x0000000095e00000|  0%| F|  |TAMS 0x0000000095d00000, 0x0000000095d00000| Untracked 
|  78|0x0000000095e00000, 0x0000000095e00000, 0x0000000095f00000|  0%| F|  |TAMS 0x0000000095e00000, 0x0000000095e00000| Untracked 
|  79|0x0000000095f00000, 0x0000000095f00000, 0x0000000096000000|  0%| F|  |TAMS 0x0000000095f00000, 0x0000000095f00000| Untracked 
|  80|0x0000000096000000, 0x0000000096000000, 0x0000000096100000|  0%| F|  |TAMS 0x0000000096000000, 0x0000000096000000| Untracked 
|  81|0x0000000096100000, 0x0000000096100000, 0x0000000096200000|  0%| F|  |TAMS 0x0000000096100000, 0x0000000096100000| Untracked 
|  82|0x0000000096200000, 0x0000000096200000, 0x0000000096300000|  0%| F|  |TAMS 0x0000000096200000, 0x0000000096200000| Untracked 
|  83|0x0000000096300000, 0x0000000096300000, 0x0000000096400000|  0%| F|  |TAMS 0x0000000096300000, 0x0000000096300000| Untracked 
|  84|0x0000000096400000, 0x0000000096400000, 0x0000000096500000|  0%| F|  |TAMS 0x0000000096400000, 0x0000000096400000| Untracked 
|  85|0x0000000096500000, 0x0000000096500000, 0x0000000096600000|  0%| F|  |TAMS 0x0000000096500000, 0x0000000096500000| Untracked 
|  86|0x0000000096600000, 0x0000000096600000, 0x0000000096700000|  0%| F|  |TAMS 0x0000000096600000, 0x0000000096600000| Untracked 
|  87|0x0000000096700000, 0x0000000096700000, 0x0000000096800000|  0%| F|  |TAMS 0x0000000096700000, 0x0000000096700000| Untracked 
|  88|0x0000000096800000, 0x0000000096800000, 0x0000000096900000|  0%| F|  |TAMS 0x0000000096800000, 0x0000000096800000| Untracked 
|  89|0x0000000096900000, 0x0000000096900000, 0x0000000096a00000|  0%| F|  |TAMS 0x0000000096900000, 0x0000000096900000| Untracked 
|  90|0x0000000096a00000, 0x0000000096a00000, 0x0000000096b00000|  0%| F|  |TAMS 0x0000000096a00000, 0x0000000096a00000| Untracked 
|  91|0x0000000096b00000, 0x0000000096b00000, 0x0000000096c00000|  0%| F|  |TAMS 0x0000000096b00000, 0x0000000096b00000| Untracked 
|  92|0x0000000096c00000, 0x0000000096c76460, 0x0000000096d00000| 46%| E|  |TAMS 0x0000000096c00000, 0x0000000096c00000| Complete 
|  93|0x0000000096d00000, 0x0000000096e00000, 0x0000000096e00000|100%| E|CS|TAMS 0x0000000096d00000, 0x0000000096d00000| Complete 
|  94|0x0000000096e00000, 0x0000000096f00000, 0x0000000096f00000|100%| E|CS|TAMS 0x0000000096e00000, 0x0000000096e00000| Complete 
|  95|0x0000000096f00000, 0x0000000097000000, 0x0000000097000000|100%| E|CS|TAMS 0x0000000096f00000, 0x0000000096f00000| Complete 
|  96|0x0000000097000000, 0x0000000097100000, 0x0000000097100000|100%| E|CS|TAMS 0x0000000097000000, 0x0000000097000000| Complete 
|  97|0x0000000097100000, 0x0000000097200000, 0x0000000097200000|100%| E|CS|TAMS 0x0000000097100000, 0x0000000097100000| Complete 
|  98|0x0000000097200000, 0x0000000097300000, 0x0000000097300000|100%| E|CS|TAMS 0x0000000097200000, 0x0000000097200000| Complete 
|  99|0x0000000097300000, 0x0000000097400000, 0x0000000097400000|100%| E|CS|TAMS 0x0000000097300000, 0x0000000097300000| Complete 
| 100|0x0000000097400000, 0x0000000097500000, 0x0000000097500000|100%| E|  |TAMS 0x0000000097400000, 0x0000000097400000| Complete 
| 101|0x0000000097500000, 0x0000000097600000, 0x0000000097600000|100%| E|CS|TAMS 0x0000000097500000, 0x0000000097500000| Complete 
| 102|0x0000000097600000, 0x0000000097700000, 0x0000000097700000|100%| E|CS|TAMS 0x0000000097600000, 0x0000000097600000| Complete 
| 103|0x0000000097700000, 0x0000000097800000, 0x0000000097800000|100%| E|CS|TAMS 0x0000000097700000, 0x0000000097700000| Complete 
| 104|0x0000000097800000, 0x0000000097900000, 0x0000000097900000|100%| E|CS|TAMS 0x0000000097800000, 0x0000000097800000| Complete 
| 105|0x0000000097900000, 0x0000000097a00000, 0x0000000097a00000|100%| E|CS|TAMS 0x0000000097900000, 0x0000000097900000| Complete 
| 106|0x0000000097a00000, 0x0000000097b00000, 0x0000000097b00000|100%| E|CS|TAMS 0x0000000097a00000, 0x0000000097a00000| Complete 
| 107|0x0000000097b00000, 0x0000000097c00000, 0x0000000097c00000|100%| E|CS|TAMS 0x0000000097b00000, 0x0000000097b00000| Complete 
| 108|0x0000000097c00000, 0x0000000097d00000, 0x0000000097d00000|100%| E|CS|TAMS 0x0000000097c00000, 0x0000000097c00000| Complete 
| 109|0x0000000097d00000, 0x0000000097e00000, 0x0000000097e00000|100%| E|CS|TAMS 0x0000000097d00000, 0x0000000097d00000| Complete 
| 110|0x0000000097e00000, 0x0000000097f00000, 0x0000000097f00000|100%| E|CS|TAMS 0x0000000097e00000, 0x0000000097e00000| Complete 
| 111|0x0000000097f00000, 0x0000000098000000, 0x0000000098000000|100%| E|CS|TAMS 0x0000000097f00000, 0x0000000097f00000| Complete 

Card table byte_map: [0x000001cae2c70000,0x000001cae2ff0000] _byte_map_base: 0x000001cae27e8000

Marking Bits (Prev, Next): (CMBitMap*) 0x000001cad0156f80, (CMBitMap*) 0x000001cad0156fc0
 Prev Bits: [0x000001cae3370000, 0x000001cae4f30000)
 Next Bits: [0x000001cae4f30000, 0x000001cae6af0000)

Polling page: 0x000001cace0d0000

Metaspace:

Usage:
  Non-class:      9.02 MB used.
      Class:    996.80 KB used.
       Both:     10.00 MB used.

Virtual space:
  Non-class space:       16.00 MB reserved,       9.12 MB ( 57%) committed,  2 nodes.
      Class space:        1.00 GB reserved,       1.00 MB ( <1%) committed,  1 nodes.
             Both:        1.02 GB reserved,      10.12 MB ( <1%) committed. 

Chunk freelists:
   Non-Class:  2.59 MB
       Class:  2.98 MB
        Both:  5.58 MB

MaxMetaspaceSize: unlimited
CompressedClassSpaceSize: 1.00 GB
Initial GC threshold: 21.00 MB
Current GC threshold: 21.00 MB
CDS: off
MetaspaceReclaimPolicy: balanced
 - commit_granule_bytes: 65536.
 - commit_granule_words: 8192.
 - virtual_space_node_default_size: 1048576.
 - enlarge_chunks_in_place: 1.
 - new_chunks_are_fully_committed: 0.
 - uncommit_free_chunks: 1.
 - use_allocation_guard: 0.
 - handle_deallocations: 1.


Internal statistics:

num_allocs_failed_limit: 0.
num_arena_births: 16.
num_arena_deaths: 0.
num_vsnodes_births: 3.
num_vsnodes_deaths: 0.
num_space_committed: 162.
num_space_uncommitted: 0.
num_chunks_returned_to_freelist: 0.
num_chunks_taken_from_freelist: 93.
num_chunk_merges: 0.
num_chunk_splits: 51.
num_chunks_enlarged: 44.
num_purges: 0.
num_inconsistent_stats: 0.

CodeHeap 'non-profiled nmethods': size=120000Kb used=249Kb max_used=249Kb free=119750Kb
 bounds [0x000001cadb090000, 0x000001cadb300000, 0x000001cae25c0000]
CodeHeap 'profiled nmethods': size=120000Kb used=1354Kb max_used=1354Kb free=118645Kb
 bounds [0x000001cad35c0000, 0x000001cad3830000, 0x000001cadaaf0000]
CodeHeap 'non-nmethods': size=5760Kb used=1126Kb max_used=1143Kb free=4633Kb
 bounds [0x000001cadaaf0000, 0x000001cadad60000, 0x000001cadb090000]
 total_blobs=1155 nmethods=746 adapters=322
 compilation: enabled
              stopped_count=0, restarted_count=0
 full_count=0

Compilation events (20 events):
Event: 1.706 Thread 0x000001caea044020 nmethod 732 0x000001cad3709c90 code [0x000001cad3709f40, 0x000001cad370aad8]
Event: 1.706 Thread 0x000001caea044020  733       3       sun.net.www.protocol.jar.Handler::parseContextSpec (150 bytes)
Event: 1.709 Thread 0x000001caea044020 nmethod 733 0x000001cad370af90 code [0x000001cad370b420, 0x000001cad370d0b8]
Event: 1.709 Thread 0x000001caea044020  736       3       jdk.internal.loader.URLClassPath$JarLoader$2::getCodeSourceURL (8 bytes)
Event: 1.709 Thread 0x000001caea044020 nmethod 736 0x000001cad370db10 code [0x000001cad370dca0, 0x000001cad370ddb8]
Event: 1.709 Thread 0x000001caea044020  734       3       sun.net.www.protocol.jar.Handler::indexOfBangSlash (52 bytes)
Event: 1.711 Thread 0x000001caea044020 nmethod 734 0x000001cad370de90 code [0x000001cad370e100, 0x000001cad370ebf8]
Event: 1.715 Thread 0x000001caea028880  737       4       java.util.zip.ZipCoder::hash (36 bytes)
Event: 1.725 Thread 0x000001caea028880 nmethod 737 0x000001cadb0cb310 code [0x000001cadb0cb4a0, 0x000001cadb0cb7b8]
Event: 1.726 Thread 0x000001caea028880  738   !   4       java.util.jar.JarFile::checkForSpecialAttributes (163 bytes)
Event: 1.727 Thread 0x000001caea044020  740       3       java.util.zip.InflaterInputStream::<init> (79 bytes)
Event: 1.728 Thread 0x000001caea044020 nmethod 740 0x000001cad370ef90 code [0x000001cad370f180, 0x000001cad370f978]
Event: 1.728 Thread 0x000001caea044020  741   !   3       java.util.zip.Inflater::setInput (69 bytes)
Event: 1.728 Thread 0x000001caea044020 nmethod 741 0x000001cad370fb90 code [0x000001cad370fd60, 0x000001cad3710168]
Event: 1.728 Thread 0x000001caea044020  742   !   3       java.util.zip.ZipFile$Source::readAt (39 bytes)
Event: 1.729 Thread 0x000001caea044020 nmethod 742 0x000001cad3710310 code [0x000001cad3710500, 0x000001cad3710988]
Event: 1.737 Thread 0x000001caea044020  743       3       java.net.URLClassLoader::getAndVerifyPackage (109 bytes)
Event: 1.739 Thread 0x000001caea044020 nmethod 743 0x000001cad3710d10 code [0x000001cad3711080, 0x000001cad3712268]
Event: 1.739 Thread 0x000001caea044020  744       3       jdk.internal.perf.PerfCounter::getReadClassBytesTime (4 bytes)
Event: 1.739 Thread 0x000001caea044020 nmethod 744 0x000001cad3712890 code [0x000001cad3712a20, 0x000001cad3712b18]

GC Heap History (0 events):
No events

Dll operation events (2 events):
Event: 0.019 Loaded shared library C:\Program Files\Android\Android Studio\jbr\bin\java.dll
Event: 0.292 Loaded shared library C:\Program Files\Android\Android Studio\jbr\bin\verify.dll

Deoptimization events (20 events):
Event: 1.216 Thread 0x000001cad01027f0 DEOPT PACKING pc=0x000001cadb0b3e34 sp=0x00000074ec9fd270
Event: 1.216 Thread 0x000001cad01027f0 DEOPT UNPACKING pc=0x000001cadab469a3 sp=0x00000074ec9fd1e8 mode 2
Event: 1.270 Thread 0x000001cad01027f0 Uncommon trap: trap_request=0xffffffde fr.pc=0x000001cadb0b774c relative=0x0000000000000dcc
Event: 1.270 Thread 0x000001cad01027f0 Uncommon trap: reason=class_check action=maybe_recompile pc=0x000001cadb0b774c method=java.util.HashMap.putVal(ILjava/lang/Object;Ljava/lang/Object;ZZ)Ljava/lang/Object; @ 91 c2
Event: 1.270 Thread 0x000001cad01027f0 DEOPT PACKING pc=0x000001cadb0b774c sp=0x00000074ec9f9a70
Event: 1.270 Thread 0x000001cad01027f0 DEOPT UNPACKING pc=0x000001cadab469a3 sp=0x00000074ec9f9a00 mode 2
Event: 1.316 Thread 0x000001cad01027f0 Uncommon trap: trap_request=0xffffffde fr.pc=0x000001cadb0b77b8 relative=0x0000000000000e38
Event: 1.316 Thread 0x000001cad01027f0 Uncommon trap: reason=class_check action=maybe_recompile pc=0x000001cadb0b77b8 method=java.util.HashMap.putVal(ILjava/lang/Object;Ljava/lang/Object;ZZ)Ljava/lang/Object; @ 203 c2
Event: 1.316 Thread 0x000001cad01027f0 DEOPT PACKING pc=0x000001cadb0b77b8 sp=0x00000074ec9f9a70
Event: 1.316 Thread 0x000001cad01027f0 DEOPT UNPACKING pc=0x000001cadab469a3 sp=0x00000074ec9f9a00 mode 2
Event: 1.318 Thread 0x000001cad01027f0 Uncommon trap: trap_request=0xffffffde fr.pc=0x000001cadb0b77b8 relative=0x0000000000000e38
Event: 1.318 Thread 0x000001cad01027f0 Uncommon trap: reason=class_check action=maybe_recompile pc=0x000001cadb0b77b8 method=java.util.HashMap.putVal(ILjava/lang/Object;Ljava/lang/Object;ZZ)Ljava/lang/Object; @ 203 c2
Event: 1.318 Thread 0x000001cad01027f0 DEOPT PACKING pc=0x000001cadb0b77b8 sp=0x00000074ec9f9a70
Event: 1.318 Thread 0x000001cad01027f0 DEOPT UNPACKING pc=0x000001cadab469a3 sp=0x00000074ec9f9a00 mode 2
Event: 1.341 Thread 0x000001cad01027f0 DEOPT PACKING pc=0x000001cad35fd118 sp=0x00000074ec9f8f40
Event: 1.341 Thread 0x000001cad01027f0 DEOPT UNPACKING pc=0x000001cadab47143 sp=0x00000074ec9f8400 mode 0
Event: 1.382 Thread 0x000001cad01027f0 Uncommon trap: trap_request=0xffffffde fr.pc=0x000001cadb0b774c relative=0x0000000000000dcc
Event: 1.382 Thread 0x000001cad01027f0 Uncommon trap: reason=class_check action=maybe_recompile pc=0x000001cadb0b774c method=java.util.HashMap.putVal(ILjava/lang/Object;Ljava/lang/Object;ZZ)Ljava/lang/Object; @ 91 c2
Event: 1.382 Thread 0x000001cad01027f0 DEOPT PACKING pc=0x000001cadb0b774c sp=0x00000074ec9fbff0
Event: 1.382 Thread 0x000001cad01027f0 DEOPT UNPACKING pc=0x000001cadab469a3 sp=0x00000074ec9fbf80 mode 2

Classes unloaded (0 events):
No events

Classes redefined (0 events):
No events

Internal exceptions (1 events):
Event: 0.625 Thread 0x000001cad01027f0 Exception <a 'java/lang/NoSuchMethodError'{0x0000000097c262c8}: 'int java.lang.invoke.DirectMethodHandle$Holder.invokeStaticInit(java.lang.Object, java.lang.Object)'> (0x0000000097c262c8) 
thrown [s\src\hotspot\share\interpreter\linkResolver.cpp, line 771]

VM Operations (6 events):
Event: 0.281 Executing VM operation: HandshakeAllThreads
Event: 0.281 Executing VM operation: HandshakeAllThreads done
Event: 1.285 Executing VM operation: Cleanup
Event: 1.302 Executing VM operation: Cleanup done
Event: 1.593 Executing VM operation: HandshakeAllThreads
Event: 1.593 Executing VM operation: HandshakeAllThreads done

Events (20 events):
Event: 1.676 loading class java/util/ServiceLoader$1
Event: 1.676 loading class java/util/ServiceLoader$1 done
Event: 1.677 loading class java/util/ServiceLoader$ProviderImpl
Event: 1.677 loading class java/util/ServiceLoader$Provider
Event: 1.677 loading class java/util/ServiceLoader$Provider done
Event: 1.677 loading class java/util/ServiceLoader$ProviderImpl done
Event: 1.677 loading class jdk/internal/logger/BootstrapLogger$LoggingBackend
Event: 1.677 loading class jdk/internal/logger/BootstrapLogger$LoggingBackend done
Event: 1.677 loading class jdk/internal/logger/BootstrapLogger$RedirectedLoggers
Event: 1.678 loading class jdk/internal/logger/BootstrapLogger$RedirectedLoggers done
Event: 1.678 loading class jdk/internal/logger/BootstrapLogger$BootstrapExecutors
Event: 1.678 loading class jdk/internal/logger/BootstrapLogger$BootstrapExecutors done
Event: 1.679 loading class java/util/logging/LogManager$4
Event: 1.679 loading class java/util/logging/LogManager$4 done
Event: 1.679 loading class java/util/logging/Logger$SystemLoggerHelper
Event: 1.681 loading class java/util/logging/Logger$SystemLoggerHelper done
Event: 1.681 loading class java/util/logging/Logger$SystemLoggerHelper$1
Event: 1.681 loading class java/util/logging/Logger$SystemLoggerHelper$1 done
Event: 1.682 loading class jdk/internal/logger/DefaultLoggerFinder$1
Event: 1.682 loading class jdk/internal/logger/DefaultLoggerFinder$1 done


Dynamic libraries:
0x00007ff70d320000 - 0x00007ff70d32a000 	C:\Program Files\Android\Android Studio\jbr\bin\java.exe
0x00007ffec3a90000 - 0x00007ffec3ca4000 	C:\WINDOWS\SYSTEM32\ntdll.dll
0x00007ffe93910000 - 0x00007ffe93929000 	C:\Program Files\AVG\Antivirus\aswhook.dll
0x00007ffec34d0000 - 0x00007ffec3594000 	C:\WINDOWS\System32\KERNEL32.DLL
0x00007ffec1010000 - 0x00007ffec13b4000 	C:\WINDOWS\System32\KERNELBASE.dll
0x00007ffec13c0000 - 0x00007ffec14d1000 	C:\WINDOWS\System32\ucrtbase.dll
0x00007ffe8af70000 - 0x00007ffe8af8b000 	C:\Program Files\Android\Android Studio\jbr\bin\VCRUNTIME140.dll
0x00007ffebb390000 - 0x00007ffebb3a7000 	C:\Program Files\Android\Android Studio\jbr\bin\jli.dll
0x00007ffec35a0000 - 0x00007ffec374e000 	C:\WINDOWS\System32\USER32.dll
0x00007ffec0ec0000 - 0x00007ffec0ee6000 	C:\WINDOWS\System32\win32u.dll
0x00007ffea9540000 - 0x00007ffea97d3000 	C:\WINDOWS\WinSxS\amd64_microsoft.windows.common-controls_6595b64144ccf1df_6.0.22621.2215_none_270d72677387dfc3\COMCTL32.dll
0x00007ffec1880000 - 0x00007ffec18a9000 	C:\WINDOWS\System32\GDI32.dll
0x00007ffec3860000 - 0x00007ffec3907000 	C:\WINDOWS\System32\msvcrt.dll
0x00007ffec0ef0000 - 0x00007ffec1008000 	C:\WINDOWS\System32\gdi32full.dll
0x00007ffec1780000 - 0x00007ffec181a000 	C:\WINDOWS\System32\msvcp_win.dll
0x00007ffec1820000 - 0x00007ffec1851000 	C:\WINDOWS\System32\IMM32.DLL
0x00007ffe8b6e0000 - 0x00007ffe8b6ec000 	C:\Program Files\Android\Android Studio\jbr\bin\vcruntime140_1.dll
0x00007ffe8aee0000 - 0x00007ffe8af6d000 	C:\Program Files\Android\Android Studio\jbr\bin\msvcp140.dll
0x00007ffe52e00000 - 0x00007ffe53a6e000 	C:\Program Files\Android\Android Studio\jbr\bin\server\jvm.dll
0x00007ffec3750000 - 0x00007ffec3800000 	C:\WINDOWS\System32\ADVAPI32.dll
0x00007ffec2d60000 - 0x00007ffec2e06000 	C:\WINDOWS\System32\sechost.dll
0x00007ffec1940000 - 0x00007ffec1a57000 	C:\WINDOWS\System32\RPCRT4.dll
0x00007ffeb94a0000 - 0x00007ffeb94d4000 	C:\WINDOWS\SYSTEM32\WINMM.dll
0x00007ffeb9080000 - 0x00007ffeb908a000 	C:\WINDOWS\SYSTEM32\VERSION.dll
0x00007ffeb0ed0000 - 0x00007ffeb0ed9000 	C:\WINDOWS\SYSTEM32\WSOCK32.dll
0x00007ffec3910000 - 0x00007ffec3981000 	C:\WINDOWS\System32\WS2_32.dll
0x00007ffebfe40000 - 0x00007ffebfe58000 	C:\WINDOWS\SYSTEM32\kernel.appcore.dll
0x00007ffebdaf0000 - 0x00007ffebdafa000 	C:\Program Files\Android\Android Studio\jbr\bin\jimage.dll
0x00007ffebe5a0000 - 0x00007ffebe7ce000 	C:\WINDOWS\SYSTEM32\DBGHELP.DLL
0x00007ffec1ae0000 - 0x00007ffec1e6a000 	C:\WINDOWS\System32\combase.dll
0x00007ffec2c80000 - 0x00007ffec2d57000 	C:\WINDOWS\System32\OLEAUT32.dll
0x00007ffeb4ef0000 - 0x00007ffeb4f22000 	C:\WINDOWS\SYSTEM32\dbgcore.DLL
0x00007ffec0e40000 - 0x00007ffec0eba000 	C:\WINDOWS\System32\bcryptPrimitives.dll
0x00007ffebaec0000 - 0x00007ffebaee5000 	C:\Program Files\Android\Android Studio\jbr\bin\java.dll
0x00007ffea0b30000 - 0x00007ffea0b48000 	C:\Program Files\Android\Android Studio\jbr\bin\zip.dll
0x00007ffec2390000 - 0x00007ffec2bb3000 	C:\WINDOWS\System32\SHELL32.dll
0x00007ffebedd0000 - 0x00007ffebf6ba000 	C:\WINDOWS\SYSTEM32\windows.storage.dll
0x00007ffebec90000 - 0x00007ffebedce000 	C:\WINDOWS\SYSTEM32\wintypes.dll
0x00007ffec2190000 - 0x00007ffec2283000 	C:\WINDOWS\System32\SHCORE.dll
0x00007ffec2e30000 - 0x00007ffec2e8e000 	C:\WINDOWS\System32\shlwapi.dll
0x00007ffec0d70000 - 0x00007ffec0d96000 	C:\WINDOWS\SYSTEM32\profapi.dll
0x00007ffea0b10000 - 0x00007ffea0b29000 	C:\Program Files\Android\Android Studio\jbr\bin\net.dll
0x00007ffeb91e0000 - 0x00007ffeb9317000 	C:\WINDOWS\SYSTEM32\WINHTTP.dll
0x00007ffec0310000 - 0x00007ffec0379000 	C:\WINDOWS\system32\mswsock.dll
0x00007ffea0af0000 - 0x00007ffea0b06000 	C:\Program Files\Android\Android Studio\jbr\bin\nio.dll
0x00007ffea0ad0000 - 0x00007ffea0ae0000 	C:\Program Files\Android\Android Studio\jbr\bin\verify.dll

dbghelp: loaded successfully - version: 4.0.5 - missing functions: none
symbol engine: initialized successfully - sym options: 0x614 - pdb path: .;C:\Program Files\Android\Android Studio\jbr\bin;C:\WINDOWS\SYSTEM32;C:\Program Files\AVG\Antivirus;C:\WINDOWS\WinSxS\amd64_microsoft.windows.common-controls_6595b64144ccf1df_6.0.22621.2215_none_270d72677387dfc3;C:\Program Files\Android\Android Studio\jbr\bin\server

VM Arguments:
jvm_args: -Dorg.gradle.appname=gradlew 
java_command: org.gradle.wrapper.GradleWrapperMain -q -Ptarget-platform=android-x86 -Ptarget=C:\Users\Nanis\movieapp_200644\lib\main.dart -Pbase-application-name=android.app.Application -Pdart-defines=RkxVVFRFUl9XRUJfQVVUT19ERVRFQ1Q9dHJ1ZQ==,RkxVVFRFUl9XRUJfQ0FOVkFTS0lUX1VSTD1odHRwczovL3d3dy5nc3RhdGljLmNvbS9mbHV0dGVyLWNhbnZhc2tpdC9iMjAxODNlMDQwOTYwOTRiY2MzN2Q5Y2RlMmE0Yjk2ZjVjYzY4NGNmLw== -Pdart-obfuscation=false -Ptrack-widget-creation=true -Ptree-shake-icons=false -Pfilesystem-scheme=org-dartlang-root assembleDebug
java_class_path (initial): C:\Users\Nanis\movieapp_200644\android\\gradle\wrapper\gradle-wrapper.jar
Launcher Type: SUN_STANDARD

[Global flags]
     intx CICompilerCount                          = 4                                         {product} {ergonomic}
     uint ConcGCThreads                            = 2                                         {product} {ergonomic}
     uint G1ConcRefinementThreads                  = 8                                         {product} {ergonomic}
   size_t G1HeapRegionSize                         = 1048576                                   {product} {ergonomic}
    uintx GCDrainStackTargetSize                   = 64                                        {product} {ergonomic}
   size_t InitialHeapSize                          = 117440512                                 {product} {ergonomic}
   size_t MarkStackSize                            = 4194304                                   {product} {ergonomic}
   size_t MaxHeapSize                              = 1862270976                                {product} {ergonomic}
   size_t MaxNewSize                               = 1116733440                                {product} {ergonomic}
   size_t MinHeapDeltaBytes                        = 1048576                                   {product} {ergonomic}
   size_t MinHeapSize                              = 8388608                                   {product} {ergonomic}
    uintx NonNMethodCodeHeapSize                   = 5839372                                {pd product} {ergonomic}
    uintx NonProfiledCodeHeapSize                  = 122909434                              {pd product} {ergonomic}
    uintx ProfiledCodeHeapSize                     = 122909434                              {pd product} {ergonomic}
    uintx ReservedCodeCacheSize                    = 251658240                              {pd product} {ergonomic}
     bool SegmentedCodeCache                       = true                                      {product} {ergonomic}
   size_t SoftMaxHeapSize                          = 1862270976                             {manageable} {ergonomic}
     bool UseCompressedClassPointers               = true                           {product lp64_product} {ergonomic}
     bool UseCompressedOops                        = true                           {product lp64_product} {ergonomic}
     bool UseG1GC                                  = true                                      {product} {ergonomic}
     bool UseLargePagesIndividualAllocation        = false                                  {pd product} {ergonomic}

Logging:
Log output configuration:
 #0: stdout all=warning uptime,level,tags
 #1: stderr all=off uptime,level,tags

Environment Variables:
JAVA_HOME=C:\Program Files\Android\Android Studio\jbr
CLASSPATH=C:\Users\Nanis\movieapp_200644\android\\gradle\wrapper\gradle-wrapper.jar
PATH=C:\Program Files\Android\Android Studio\jbr\bin;C:\Program Files\Microsoft\jdk-11.0.16.101-hotspot\bin;C:\Program Files\Python311\Scripts\;C:\Program Files\Python311\;C:\Program Files (x86)\Common Files\Oracle\Java\javapath;C:\WINDOWS\system32;C:\WINDOWS;C:\WINDOWS\System32\Wbem;C:\WINDOWS\System32\WindowsPowerShell\v1.0\;C:\WINDOWS\System32\OpenSSH\;C:\Program Files\MongoDB Compass\bin;C:\Program Files\nodejs\;C:\Program Files\Git\cmd;C:\Program Files\flutter\bin;C:\Program Files\Microsoft SQL Server\150\Tools\Binn\;C:\Program Files\Microsoft SQL Server\Client SDK\ODBC\170\Tools\Binn\;C:\Program Files\dotnet\;C:\Program Files (x86)\Windows Kits\10\Windows Performance Toolkit\;C:\Users\Nanis\anaconda3;C:\Users\Nanis\anaconda3\Library\mingw-w64\bin;C:\Users\Nanis\anaconda3\Library\usr\bin;C:\Users\Nanis\anaconda3\Library\bin;C:\Users\Nanis\anaconda3\Scripts;C:\Users\Nanis\.console-ninja\.bin;C:\Program Files\MySQL\MySQL Shell 8.0\bin\;C:\Users\Nanis\AppData\Local\Microsoft\WindowsApps;C:\Users\Nanis\AppData\Roaming\npm;C:\Users\Nanis\AppData\Local\GitHubDesktop\bin;C:\Program Files\flutter\bin;C:\Users\Nanis\.dotnet\tools;C:\Users\Nanis\AppData\Local\Programs\Microsoft VS Code\bin;C:\Program Files\flutter\bin\mingit\cmd
USERNAME=Nanis
OS=Windows_NT
PROCESSOR_IDENTIFIER=AMD64 Family 23 Model 24 Stepping 1, AuthenticAMD
TMP=C:\Users\Nanis\AppData\Local\Temp
TEMP=C:\Users\Nanis\AppData\Local\Temp


JNI global refs:
JNI global refs: 8, weak refs: 0

JNI global refs memory usage: 843, weak refs: 209


---------------  S Y S T E M  ---------------

OS:
 Windows 11 , 64 bit Build 22621 (10.0.22621.2215)
OS uptime: 0 days 0:54 hours

CPU: total 8 (initial active 8) (8 cores per cpu, 2 threads per core) family 23 model 24 stepping 1 microcode 0x0, cx8, cmov, fxsr, ht, mmx, 3dnowpref, sse, sse2, sse3, ssse3, sse4a, sse4.1, sse4.2, popcnt, lzcnt, tsc, tscinvbit, avx, avx2, aes, clmul, bmi1, bmi2, adx, sha, fma, vzeroupper, clflush, clflushopt

Memory: 4k page, system-wide physical 7103M (164M free)
TotalPageFile size 28607M (AvailPageFile size 0M)
current process WorkingSet (physical memory assigned to process): 72M, peak: 72M
current process commit charge ("private bytes"): 202M, peak: 202M

vm_info: OpenJDK 64-Bit Server VM (17.0.6+0-b2043.56-10027231) for windows-amd64 JRE (17.0.6+0-b2043.56-10027231), built on Apr 28 2023 00:43:19 by "androidbuild" with MS VC++ 16.10 / 16.11 (VS2019)

END.
