#
# There is insufficient memory for the Java Runtime Environment to continue.
# Native memory allocation (mmap) failed to map 65536 bytes for Failed to commit metaspace.
# Possible reasons:
#   The system is out of physical RAM or swap space
#   The process is running with CompressedOops enabled, and the Java Heap may be blocking the growth of the native heap
# Possible solutions:
#   Reduce memory load on the system
#   Increase physical memory or swap space
#   Check if swap backing store is full
#   Decrease Java heap size (-Xmx/-Xms)
#   Decrease number of Java threads
#   Decrease Java thread stack sizes (-Xss)
#   Set larger code cache with -XX:ReservedCodeCacheSize=
#   JVM is running with Unscaled Compressed Oops mode in which the Java heap is
#     placed in the first 4GB address space. The Java Heap base address is the
#     maximum limit for the native heap growth. Please use -XX:HeapBaseMinAddress
#     to set the Java Heap base and to place the Java Heap above 4GB virtual address.
# This output file may be truncated or incomplete.
#
#  Out of Memory Error (virtualSpaceNode.cpp:110), pid=8140, tid=6700
#
# JRE version: OpenJDK Runtime Environment (17.0.6) (build 17.0.6+0-b2043.56-10027231)
# Java VM: OpenJDK 64-Bit Server VM (17.0.6+0-b2043.56-10027231, mixed mode, tiered, compressed oops, compressed class ptrs, g1 gc, windows-amd64)
# No core dump will be written. Minidumps are not enabled by default on client versions of Windows
#

---------------  S U M M A R Y ------------

Command Line: -Dorg.gradle.appname=gradlew org.gradle.wrapper.GradleWrapperMain -q -Ptarget-platform=android-x86 -Ptarget=C:\Users\Nanis\movieapp_200644\lib\main.dart -Pbase-application-name=android.app.Application -Pdart-defines=RkxVVFRFUl9XRUJfQVVUT19ERVRFQ1Q9dHJ1ZQ==,RkxVVFRFUl9XRUJfQ0FOVkFTS0lUX1VSTD1odHRwczovL3d3dy5nc3RhdGljLmNvbS9mbHV0dGVyLWNhbnZhc2tpdC9iMjAxODNlMDQwOTYwOTRiY2MzN2Q5Y2RlMmE0Yjk2ZjVjYzY4NGNmLw== -Pdart-obfuscation=false -Ptrack-widget-creation=true -Ptree-shake-icons=false -Pfilesystem-scheme=org-dartlang-root assembleDebug

Host: AMD Ryzen 7 3700U with Radeon Vega Mobile Gfx  , 8 cores, 6G,  Windows 11 , 64 bit Build 22621 (10.0.22621.2215)
Time: Sun Oct  8 12:00:15 2023 Hora estándar central (México) elapsed time: 0.359143 seconds (0d 0h 0m 0s)

---------------  T H R E A D  ---------------

Current thread (0x000001c78dc81180):  JavaThread "main" [_thread_in_vm, id=6700, stack(0x0000007400c00000,0x0000007400d00000)]

Stack: [0x0000007400c00000,0x0000007400d00000]
Native frames: (J=compiled Java code, j=interpreted, Vv=VM code, C=native code)
V  [jvm.dll+0x683c9a]
V  [jvm.dll+0x8427a4]
V  [jvm.dll+0x843f9e]
V  [jvm.dll+0x844603]
V  [jvm.dll+0x249b75]
V  [jvm.dll+0x83e7fb]
V  [jvm.dll+0x628006]
V  [jvm.dll+0x62806a]
V  [jvm.dll+0x62a87a]
V  [jvm.dll+0x6289a6]
V  [jvm.dll+0x6327d7]
V  [jvm.dll+0x1eda2b]
V  [jvm.dll+0x1edf65]
V  [jvm.dll+0x1ee884]
V  [jvm.dll+0x1e3dcc]
V  [jvm.dll+0x547fed]
V  [jvm.dll+0x1f46eb]
V  [jvm.dll+0x7bc7cb]
V  [jvm.dll+0x7bdc12]
V  [jvm.dll+0x7bdf48]
V  [jvm.dll+0x24190e]
V  [jvm.dll+0x384956]
C  0x000001c79868b7ca

Java frames: (J=compiled Java code, j=interpreted, Vv=VM code)
j  java.util.jar.JarVerifier.<init>(Ljava/lang/String;[B)V+59 java.base@17.0.6
j  java.util.jar.JarFile.getManifestFromReference()Ljava/util/jar/Manifest;+78 java.base@17.0.6
j  java.util.jar.JarFile.getManifest()Ljava/util/jar/Manifest;+1 java.base@17.0.6
j  jdk.internal.loader.URLClassPath$JarLoader.getClassPath()[Ljava/net/URL;+32 java.base@17.0.6
j  jdk.internal.loader.URLClassPath.getLoader(I)Ljdk/internal/loader/URLClassPath$Loader;+88 java.base@17.0.6
j  jdk.internal.loader.URLClassPath.getResource(Ljava/lang/String;Z)Ljdk/internal/loader/Resource;+42 java.base@17.0.6
j  java.net.URLClassLoader$1.run()Ljava/lang/Class;+26 java.base@17.0.6
j  java.net.URLClassLoader$1.run()Ljava/lang/Object;+1 java.base@17.0.6
j  java.security.AccessController.executePrivileged(Ljava/security/PrivilegedExceptionAction;Ljava/security/AccessControlContext;Ljava/lang/Class;)Ljava/lang/Object;+29 java.base@17.0.6
j  java.security.AccessController.doPrivileged(Ljava/security/PrivilegedExceptionAction;Ljava/security/AccessControlContext;)Ljava/lang/Object;+13 java.base@17.0.6
j  java.net.URLClassLoader.findClass(Ljava/lang/String;)Ljava/lang/Class;+13 java.base@17.0.6
j  java.lang.ClassLoader.loadClass(Ljava/lang/String;Z)Ljava/lang/Class;+69 java.base@17.0.6
j  java.lang.ClassLoader.loadClass(Ljava/lang/String;)Ljava/lang/Class;+3 java.base@17.0.6
j  org.gradle.wrapper.BootstrapMainStarter.start([Ljava/lang/String;Ljava/io/File;)V+47
j  org.gradle.wrapper.WrapperExecutor.execute([Ljava/lang/String;Lorg/gradle/wrapper/Install;Lorg/gradle/wrapper/BootstrapMainStarter;)V+14
j  org.gradle.wrapper.GradleWrapperMain.main([Ljava/lang/String;)V+190
v  ~StubRoutines::call_stub

---------------  P R O C E S S  ---------------

Threads class SMR info:
_java_thread_list=0x000001c7a7db9cd0, length=12, elements={
0x000001c78dc81180, 0x000001c7a70c3fc0, 0x000001c7a70c4d40, 0x000001c7a710ce90,
0x000001c7a710d950, 0x000001c7a710e820, 0x000001c7a7c243f0, 0x000001c7a7c288f0,
0x000001c7a7c291f0, 0x000001c7a7c50030, 0x000001c7a7dbc530, 0x000001c7a7dd0a90
}

Java Threads: ( => current thread )
=>0x000001c78dc81180 JavaThread "main" [_thread_in_vm, id=6700, stack(0x0000007400c00000,0x0000007400d00000)]
  0x000001c7a70c3fc0 JavaThread "Reference Handler" daemon [_thread_blocked, id=3488, stack(0x0000007401300000,0x0000007401400000)]
  0x000001c7a70c4d40 JavaThread "Finalizer" daemon [_thread_blocked, id=8476, stack(0x0000007401400000,0x0000007401500000)]
  0x000001c7a710ce90 JavaThread "Signal Dispatcher" daemon [_thread_blocked, id=15408, stack(0x0000007401500000,0x0000007401600000)]
  0x000001c7a710d950 JavaThread "Attach Listener" daemon [_thread_blocked, id=16256, stack(0x0000007401600000,0x0000007401700000)]
  0x000001c7a710e820 JavaThread "Service Thread" daemon [_thread_blocked, id=2856, stack(0x0000007401700000,0x0000007401800000)]
  0x000001c7a7c243f0 JavaThread "Monitor Deflation Thread" daemon [_thread_blocked, id=15452, stack(0x0000007401800000,0x0000007401900000)]
  0x000001c7a7c288f0 JavaThread "C2 CompilerThread0" daemon [_thread_blocked, id=2892, stack(0x0000007401900000,0x0000007401a00000)]
  0x000001c7a7c291f0 JavaThread "C1 CompilerThread0" daemon [_thread_in_vm, id=15840, stack(0x0000007401a00000,0x0000007401b00000)]
  0x000001c7a7c50030 JavaThread "Sweeper thread" daemon [_thread_blocked, id=4884, stack(0x0000007401b00000,0x0000007401c00000)]
  0x000001c7a7dbc530 JavaThread "Notification Thread" daemon [_thread_blocked, id=16364, stack(0x0000007401c00000,0x0000007401d00000)]
  0x000001c7a7dd0a90 JavaThread "Common-Cleaner" daemon [_thread_blocked, id=4036, stack(0x0000007401e00000,0x0000007401f00000)]

Other Threads:
  0x000001c7a70c24b0 VMThread "VM Thread" [stack: 0x0000007401200000,0x0000007401300000] [id=3324]
  0x000001c7a7d7a300 WatcherThread [stack: 0x0000007401d00000,0x0000007401e00000] [id=10056]
  0x000001c78dcd50b0 GCTaskThread "GC Thread#0" [stack: 0x0000007400d00000,0x0000007400e00000] [id=7420]
  0x000001c78dce3d00 ConcurrentGCThread "G1 Main Marker" [stack: 0x0000007400e00000,0x0000007400f00000] [id=15968]
  0x000001c78dce4dc0 ConcurrentGCThread "G1 Conc#0" [stack: 0x0000007400f00000,0x0000007401000000] [id=1716]
  0x000001c7a6f324b0 ConcurrentGCThread "G1 Refine#0" [stack: 0x0000007401000000,0x0000007401100000] [id=14516]
  0x000001c78dd38d90 ConcurrentGCThread "G1 Service" [stack: 0x0000007401100000,0x0000007401200000] [id=15568]

Threads with active compile tasks:
C1 CompilerThread0      382  240       3       java.util.zip.ZipUtils::CENCOM (9 bytes)

VM state: not at safepoint (normal execution)

VM Mutex/Monitor currently owned by a thread:  ([mutex/lock_event])
[0x000001c78dc7b280] Metaspace_lock - owner thread: 0x000001c78dc81180
[0x000001c78dc7b160] MethodData_lock - owner thread: 0x000001c7a7c291f0

Heap address: 0x0000000091000000, size: 1776 MB, Compressed Oops mode: 32-bit

CDS archive(s) not mapped
Compressed class space mapped at: 0x0000000100000000-0x0000000140000000, reserved size: 1073741824
Narrow klass base: 0x0000000000000000, Narrow klass shift: 3, Narrow klass range: 0x140000000

GC Precious Log:
 CPUs: 8 total, 8 available
 Memory: 7103M
 Large Page Support: Disabled
 NUMA Support: Disabled
 Compressed Oops: Enabled (32-bit)
 Heap Region Size: 1M
 Heap Min Capacity: 8M
 Heap Initial Capacity: 112M
 Heap Max Capacity: 1776M
 Pre-touch: Disabled
 Parallel Workers: 8
 Concurrent Workers: 2
 Concurrent Refinement Workers: 8
 Periodic GC: Disabled

Heap:
 garbage-first heap   total 114688K, used 2048K [0x0000000091000000, 0x0000000100000000)
  region size 1024K, 3 young (3072K), 0 survivors (0K)
 Metaspace       used 7704K, committed 7808K, reserved 1056768K
  class space    used 669K, committed 768K, reserved 1048576K

Heap Regions: E=young(eden), S=young(survivor), O=old, HS=humongous(starts), HC=humongous(continues), CS=collection set, F=free, OA=open archive, CA=closed archive, TAMS=top-at-mark-start (previous, next)
|   0|0x0000000091000000, 0x0000000091000000, 0x0000000091100000|  0%| F|  |TAMS 0x0000000091000000, 0x0000000091000000| Untracked 
|   1|0x0000000091100000, 0x0000000091100000, 0x0000000091200000|  0%| F|  |TAMS 0x0000000091100000, 0x0000000091100000| Untracked 
|   2|0x0000000091200000, 0x0000000091200000, 0x0000000091300000|  0%| F|  |TAMS 0x0000000091200000, 0x0000000091200000| Untracked 
|   3|0x0000000091300000, 0x0000000091300000, 0x0000000091400000|  0%| F|  |TAMS 0x0000000091300000, 0x0000000091300000| Untracked 
|   4|0x0000000091400000, 0x0000000091400000, 0x0000000091500000|  0%| F|  |TAMS 0x0000000091400000, 0x0000000091400000| Untracked 
|   5|0x0000000091500000, 0x0000000091500000, 0x0000000091600000|  0%| F|  |TAMS 0x0000000091500000, 0x0000000091500000| Untracked 
|   6|0x0000000091600000, 0x0000000091600000, 0x0000000091700000|  0%| F|  |TAMS 0x0000000091600000, 0x0000000091600000| Untracked 
|   7|0x0000000091700000, 0x0000000091700000, 0x0000000091800000|  0%| F|  |TAMS 0x0000000091700000, 0x0000000091700000| Untracked 
|   8|0x0000000091800000, 0x0000000091800000, 0x0000000091900000|  0%| F|  |TAMS 0x0000000091800000, 0x0000000091800000| Untracked 
|   9|0x0000000091900000, 0x0000000091900000, 0x0000000091a00000|  0%| F|  |TAMS 0x0000000091900000, 0x0000000091900000| Untracked 
|  10|0x0000000091a00000, 0x0000000091a00000, 0x0000000091b00000|  0%| F|  |TAMS 0x0000000091a00000, 0x0000000091a00000| Untracked 
|  11|0x0000000091b00000, 0x0000000091b00000, 0x0000000091c00000|  0%| F|  |TAMS 0x0000000091b00000, 0x0000000091b00000| Untracked 
|  12|0x0000000091c00000, 0x0000000091c00000, 0x0000000091d00000|  0%| F|  |TAMS 0x0000000091c00000, 0x0000000091c00000| Untracked 
|  13|0x0000000091d00000, 0x0000000091d00000, 0x0000000091e00000|  0%| F|  |TAMS 0x0000000091d00000, 0x0000000091d00000| Untracked 
|  14|0x0000000091e00000, 0x0000000091e00000, 0x0000000091f00000|  0%| F|  |TAMS 0x0000000091e00000, 0x0000000091e00000| Untracked 
|  15|0x0000000091f00000, 0x0000000091f00000, 0x0000000092000000|  0%| F|  |TAMS 0x0000000091f00000, 0x0000000091f00000| Untracked 
|  16|0x0000000092000000, 0x0000000092000000, 0x0000000092100000|  0%| F|  |TAMS 0x0000000092000000, 0x0000000092000000| Untracked 
|  17|0x0000000092100000, 0x0000000092100000, 0x0000000092200000|  0%| F|  |TAMS 0x0000000092100000, 0x0000000092100000| Untracked 
|  18|0x0000000092200000, 0x0000000092200000, 0x0000000092300000|  0%| F|  |TAMS 0x0000000092200000, 0x0000000092200000| Untracked 
|  19|0x0000000092300000, 0x0000000092300000, 0x0000000092400000|  0%| F|  |TAMS 0x0000000092300000, 0x0000000092300000| Untracked 
|  20|0x0000000092400000, 0x0000000092400000, 0x0000000092500000|  0%| F|  |TAMS 0x0000000092400000, 0x0000000092400000| Untracked 
|  21|0x0000000092500000, 0x0000000092500000, 0x0000000092600000|  0%| F|  |TAMS 0x0000000092500000, 0x0000000092500000| Untracked 
|  22|0x0000000092600000, 0x0000000092600000, 0x0000000092700000|  0%| F|  |TAMS 0x0000000092600000, 0x0000000092600000| Untracked 
|  23|0x0000000092700000, 0x0000000092700000, 0x0000000092800000|  0%| F|  |TAMS 0x0000000092700000, 0x0000000092700000| Untracked 
|  24|0x0000000092800000, 0x0000000092800000, 0x0000000092900000|  0%| F|  |TAMS 0x0000000092800000, 0x0000000092800000| Untracked 
|  25|0x0000000092900000, 0x0000000092900000, 0x0000000092a00000|  0%| F|  |TAMS 0x0000000092900000, 0x0000000092900000| Untracked 
|  26|0x0000000092a00000, 0x0000000092a00000, 0x0000000092b00000|  0%| F|  |TAMS 0x0000000092a00000, 0x0000000092a00000| Untracked 
|  27|0x0000000092b00000, 0x0000000092b00000, 0x0000000092c00000|  0%| F|  |TAMS 0x0000000092b00000, 0x0000000092b00000| Untracked 
|  28|0x0000000092c00000, 0x0000000092c00000, 0x0000000092d00000|  0%| F|  |TAMS 0x0000000092c00000, 0x0000000092c00000| Untracked 
|  29|0x0000000092d00000, 0x0000000092d00000, 0x0000000092e00000|  0%| F|  |TAMS 0x0000000092d00000, 0x0000000092d00000| Untracked 
|  30|0x0000000092e00000, 0x0000000092e00000, 0x0000000092f00000|  0%| F|  |TAMS 0x0000000092e00000, 0x0000000092e00000| Untracked 
|  31|0x0000000092f00000, 0x0000000092f00000, 0x0000000093000000|  0%| F|  |TAMS 0x0000000092f00000, 0x0000000092f00000| Untracked 
|  32|0x0000000093000000, 0x0000000093000000, 0x0000000093100000|  0%| F|  |TAMS 0x0000000093000000, 0x0000000093000000| Untracked 
|  33|0x0000000093100000, 0x0000000093100000, 0x0000000093200000|  0%| F|  |TAMS 0x0000000093100000, 0x0000000093100000| Untracked 
|  34|0x0000000093200000, 0x0000000093200000, 0x0000000093300000|  0%| F|  |TAMS 0x0000000093200000, 0x0000000093200000| Untracked 
|  35|0x0000000093300000, 0x0000000093300000, 0x0000000093400000|  0%| F|  |TAMS 0x0000000093300000, 0x0000000093300000| Untracked 
|  36|0x0000000093400000, 0x0000000093400000, 0x0000000093500000|  0%| F|  |TAMS 0x0000000093400000, 0x0000000093400000| Untracked 
|  37|0x0000000093500000, 0x0000000093500000, 0x0000000093600000|  0%| F|  |TAMS 0x0000000093500000, 0x0000000093500000| Untracked 
|  38|0x0000000093600000, 0x0000000093600000, 0x0000000093700000|  0%| F|  |TAMS 0x0000000093600000, 0x0000000093600000| Untracked 
|  39|0x0000000093700000, 0x0000000093700000, 0x0000000093800000|  0%| F|  |TAMS 0x0000000093700000, 0x0000000093700000| Untracked 
|  40|0x0000000093800000, 0x0000000093800000, 0x0000000093900000|  0%| F|  |TAMS 0x0000000093800000, 0x0000000093800000| Untracked 
|  41|0x0000000093900000, 0x0000000093900000, 0x0000000093a00000|  0%| F|  |TAMS 0x0000000093900000, 0x0000000093900000| Untracked 
|  42|0x0000000093a00000, 0x0000000093a00000, 0x0000000093b00000|  0%| F|  |TAMS 0x0000000093a00000, 0x0000000093a00000| Untracked 
|  43|0x0000000093b00000, 0x0000000093b00000, 0x0000000093c00000|  0%| F|  |TAMS 0x0000000093b00000, 0x0000000093b00000| Untracked 
|  44|0x0000000093c00000, 0x0000000093c00000, 0x0000000093d00000|  0%| F|  |TAMS 0x0000000093c00000, 0x0000000093c00000| Untracked 
|  45|0x0000000093d00000, 0x0000000093d00000, 0x0000000093e00000|  0%| F|  |TAMS 0x0000000093d00000, 0x0000000093d00000| Untracked 
|  46|0x0000000093e00000, 0x0000000093e00000, 0x0000000093f00000|  0%| F|  |TAMS 0x0000000093e00000, 0x0000000093e00000| Untracked 
|  47|0x0000000093f00000, 0x0000000093f00000, 0x0000000094000000|  0%| F|  |TAMS 0x0000000093f00000, 0x0000000093f00000| Untracked 
|  48|0x0000000094000000, 0x0000000094000000, 0x0000000094100000|  0%| F|  |TAMS 0x0000000094000000, 0x0000000094000000| Untracked 
|  49|0x0000000094100000, 0x0000000094100000, 0x0000000094200000|  0%| F|  |TAMS 0x0000000094100000, 0x0000000094100000| Untracked 
|  50|0x0000000094200000, 0x0000000094200000, 0x0000000094300000|  0%| F|  |TAMS 0x0000000094200000, 0x0000000094200000| Untracked 
|  51|0x0000000094300000, 0x0000000094300000, 0x0000000094400000|  0%| F|  |TAMS 0x0000000094300000, 0x0000000094300000| Untracked 
|  52|0x0000000094400000, 0x0000000094400000, 0x0000000094500000|  0%| F|  |TAMS 0x0000000094400000, 0x0000000094400000| Untracked 
|  53|0x0000000094500000, 0x0000000094500000, 0x0000000094600000|  0%| F|  |TAMS 0x0000000094500000, 0x0000000094500000| Untracked 
|  54|0x0000000094600000, 0x0000000094600000, 0x0000000094700000|  0%| F|  |TAMS 0x0000000094600000, 0x0000000094600000| Untracked 
|  55|0x0000000094700000, 0x0000000094700000, 0x0000000094800000|  0%| F|  |TAMS 0x0000000094700000, 0x0000000094700000| Untracked 
|  56|0x0000000094800000, 0x0000000094800000, 0x0000000094900000|  0%| F|  |TAMS 0x0000000094800000, 0x0000000094800000| Untracked 
|  57|0x0000000094900000, 0x0000000094900000, 0x0000000094a00000|  0%| F|  |TAMS 0x0000000094900000, 0x0000000094900000| Untracked 
|  58|0x0000000094a00000, 0x0000000094a00000, 0x0000000094b00000|  0%| F|  |TAMS 0x0000000094a00000, 0x0000000094a00000| Untracked 
|  59|0x0000000094b00000, 0x0000000094b00000, 0x0000000094c00000|  0%| F|  |TAMS 0x0000000094b00000, 0x0000000094b00000| Untracked 
|  60|0x0000000094c00000, 0x0000000094c00000, 0x0000000094d00000|  0%| F|  |TAMS 0x0000000094c00000, 0x0000000094c00000| Untracked 
|  61|0x0000000094d00000, 0x0000000094d00000, 0x0000000094e00000|  0%| F|  |TAMS 0x0000000094d00000, 0x0000000094d00000| Untracked 
|  62|0x0000000094e00000, 0x0000000094e00000, 0x0000000094f00000|  0%| F|  |TAMS 0x0000000094e00000, 0x0000000094e00000| Untracked 
|  63|0x0000000094f00000, 0x0000000094f00000, 0x0000000095000000|  0%| F|  |TAMS 0x0000000094f00000, 0x0000000094f00000| Untracked 
|  64|0x0000000095000000, 0x0000000095000000, 0x0000000095100000|  0%| F|  |TAMS 0x0000000095000000, 0x0000000095000000| Untracked 
|  65|0x0000000095100000, 0x0000000095100000, 0x0000000095200000|  0%| F|  |TAMS 0x0000000095100000, 0x0000000095100000| Untracked 
|  66|0x0000000095200000, 0x0000000095200000, 0x0000000095300000|  0%| F|  |TAMS 0x0000000095200000, 0x0000000095200000| Untracked 
|  67|0x0000000095300000, 0x0000000095300000, 0x0000000095400000|  0%| F|  |TAMS 0x0000000095300000, 0x0000000095300000| Untracked 
|  68|0x0000000095400000, 0x0000000095400000, 0x0000000095500000|  0%| F|  |TAMS 0x0000000095400000, 0x0000000095400000| Untracked 
|  69|0x0000000095500000, 0x0000000095500000, 0x0000000095600000|  0%| F|  |TAMS 0x0000000095500000, 0x0000000095500000| Untracked 
|  70|0x0000000095600000, 0x0000000095600000, 0x0000000095700000|  0%| F|  |TAMS 0x0000000095600000, 0x0000000095600000| Untracked 
|  71|0x0000000095700000, 0x0000000095700000, 0x0000000095800000|  0%| F|  |TAMS 0x0000000095700000, 0x0000000095700000| Untracked 
|  72|0x0000000095800000, 0x0000000095800000, 0x0000000095900000|  0%| F|  |TAMS 0x0000000095800000, 0x0000000095800000| Untracked 
|  73|0x0000000095900000, 0x0000000095900000, 0x0000000095a00000|  0%| F|  |TAMS 0x0000000095900000, 0x0000000095900000| Untracked 
|  74|0x0000000095a00000, 0x0000000095a00000, 0x0000000095b00000|  0%| F|  |TAMS 0x0000000095a00000, 0x0000000095a00000| Untracked 
|  75|0x0000000095b00000, 0x0000000095b00000, 0x0000000095c00000|  0%| F|  |TAMS 0x0000000095b00000, 0x0000000095b00000| Untracked 
|  76|0x0000000095c00000, 0x0000000095c00000, 0x0000000095d00000|  0%| F|  |TAMS 0x0000000095c00000, 0x0000000095c00000| Untracked 
|  77|0x0000000095d00000, 0x0000000095d00000, 0x0000000095e00000|  0%| F|  |TAMS 0x0000000095d00000, 0x0000000095d00000| Untracked 
|  78|0x0000000095e00000, 0x0000000095e00000, 0x0000000095f00000|  0%| F|  |TAMS 0x0000000095e00000, 0x0000000095e00000| Untracked 
|  79|0x0000000095f00000, 0x0000000095f00000, 0x0000000096000000|  0%| F|  |TAMS 0x0000000095f00000, 0x0000000095f00000| Untracked 
|  80|0x0000000096000000, 0x0000000096000000, 0x0000000096100000|  0%| F|  |TAMS 0x0000000096000000, 0x0000000096000000| Untracked 
|  81|0x0000000096100000, 0x0000000096100000, 0x0000000096200000|  0%| F|  |TAMS 0x0000000096100000, 0x0000000096100000| Untracked 
|  82|0x0000000096200000, 0x0000000096200000, 0x0000000096300000|  0%| F|  |TAMS 0x0000000096200000, 0x0000000096200000| Untracked 
|  83|0x0000000096300000, 0x0000000096300000, 0x0000000096400000|  0%| F|  |TAMS 0x0000000096300000, 0x0000000096300000| Untracked 
|  84|0x0000000096400000, 0x0000000096400000, 0x0000000096500000|  0%| F|  |TAMS 0x0000000096400000, 0x0000000096400000| Untracked 
|  85|0x0000000096500000, 0x0000000096500000, 0x0000000096600000|  0%| F|  |TAMS 0x0000000096500000, 0x0000000096500000| Untracked 
|  86|0x0000000096600000, 0x0000000096600000, 0x0000000096700000|  0%| F|  |TAMS 0x0000000096600000, 0x0000000096600000| Untracked 
|  87|0x0000000096700000, 0x0000000096700000, 0x0000000096800000|  0%| F|  |TAMS 0x0000000096700000, 0x0000000096700000| Untracked 
|  88|0x0000000096800000, 0x0000000096800000, 0x0000000096900000|  0%| F|  |TAMS 0x0000000096800000, 0x0000000096800000| Untracked 
|  89|0x0000000096900000, 0x0000000096900000, 0x0000000096a00000|  0%| F|  |TAMS 0x0000000096900000, 0x0000000096900000| Untracked 
|  90|0x0000000096a00000, 0x0000000096a00000, 0x0000000096b00000|  0%| F|  |TAMS 0x0000000096a00000, 0x0000000096a00000| Untracked 
|  91|0x0000000096b00000, 0x0000000096b00000, 0x0000000096c00000|  0%| F|  |TAMS 0x0000000096b00000, 0x0000000096b00000| Untracked 
|  92|0x0000000096c00000, 0x0000000096c00000, 0x0000000096d00000|  0%| F|  |TAMS 0x0000000096c00000, 0x0000000096c00000| Untracked 
|  93|0x0000000096d00000, 0x0000000096d00000, 0x0000000096e00000|  0%| F|  |TAMS 0x0000000096d00000, 0x0000000096d00000| Untracked 
|  94|0x0000000096e00000, 0x0000000096e00000, 0x0000000096f00000|  0%| F|  |TAMS 0x0000000096e00000, 0x0000000096e00000| Untracked 
|  95|0x0000000096f00000, 0x0000000096f00000, 0x0000000097000000|  0%| F|  |TAMS 0x0000000096f00000, 0x0000000096f00000| Untracked 
|  96|0x0000000097000000, 0x0000000097000000, 0x0000000097100000|  0%| F|  |TAMS 0x0000000097000000, 0x0000000097000000| Untracked 
|  97|0x0000000097100000, 0x0000000097100000, 0x0000000097200000|  0%| F|  |TAMS 0x0000000097100000, 0x0000000097100000| Untracked 
|  98|0x0000000097200000, 0x0000000097200000, 0x0000000097300000|  0%| F|  |TAMS 0x0000000097200000, 0x0000000097200000| Untracked 
|  99|0x0000000097300000, 0x0000000097300000, 0x0000000097400000|  0%| F|  |TAMS 0x0000000097300000, 0x0000000097300000| Untracked 
| 100|0x0000000097400000, 0x0000000097400000, 0x0000000097500000|  0%| F|  |TAMS 0x0000000097400000, 0x0000000097400000| Untracked 
| 101|0x0000000097500000, 0x0000000097500000, 0x0000000097600000|  0%| F|  |TAMS 0x0000000097500000, 0x0000000097500000| Untracked 
| 102|0x0000000097600000, 0x0000000097600000, 0x0000000097700000|  0%| F|  |TAMS 0x0000000097600000, 0x0000000097600000| Untracked 
| 103|0x0000000097700000, 0x0000000097700000, 0x0000000097800000|  0%| F|  |TAMS 0x0000000097700000, 0x0000000097700000| Untracked 
| 104|0x0000000097800000, 0x0000000097800000, 0x0000000097900000|  0%| F|  |TAMS 0x0000000097800000, 0x0000000097800000| Untracked 
| 105|0x0000000097900000, 0x0000000097900000, 0x0000000097a00000|  0%| F|  |TAMS 0x0000000097900000, 0x0000000097900000| Untracked 
| 106|0x0000000097a00000, 0x0000000097a00000, 0x0000000097b00000|  0%| F|  |TAMS 0x0000000097a00000, 0x0000000097a00000| Untracked 
| 107|0x0000000097b00000, 0x0000000097b00000, 0x0000000097c00000|  0%| F|  |TAMS 0x0000000097b00000, 0x0000000097b00000| Untracked 
| 108|0x0000000097c00000, 0x0000000097c00000, 0x0000000097d00000|  0%| F|  |TAMS 0x0000000097c00000, 0x0000000097c00000| Untracked 
| 109|0x0000000097d00000, 0x0000000097d76460, 0x0000000097e00000| 46%| E|  |TAMS 0x0000000097d00000, 0x0000000097d00000| Complete 
| 110|0x0000000097e00000, 0x0000000097f00000, 0x0000000097f00000|100%| E|CS|TAMS 0x0000000097e00000, 0x0000000097e00000| Complete 
| 111|0x0000000097f00000, 0x0000000098000000, 0x0000000098000000|100%| E|CS|TAMS 0x0000000097f00000, 0x0000000097f00000| Complete 

Card table byte_map: [0x000001c7a07f0000,0x000001c7a0b70000] _byte_map_base: 0x000001c7a0368000

Marking Bits (Prev, Next): (CMBitMap*) 0x000001c78dcd55d0, (CMBitMap*) 0x000001c78dcd5610
 Prev Bits: [0x000001c7a0ef0000, 0x000001c7a2ab0000)
 Next Bits: [0x000001c7a2ab0000, 0x000001c7a4670000)

Polling page: 0x000001c78d440000

Metaspace:

Usage:
  Non-class:      6.87 MB used.
      Class:    669.03 KB used.
       Both:      7.52 MB used.

Virtual space:
  Non-class space:        8.00 MB reserved,       6.88 MB ( 86%) committed,  1 nodes.
      Class space:        1.00 GB reserved,     768.00 KB ( <1%) committed,  1 nodes.
             Both:        1.01 GB reserved,       7.62 MB ( <1%) committed. 

Chunk freelists:
   Non-Class:  1.00 MB
       Class:  3.23 MB
        Both:  4.23 MB

MaxMetaspaceSize: unlimited
CompressedClassSpaceSize: 1.00 GB
Initial GC threshold: 21.00 MB
Current GC threshold: 21.00 MB
CDS: off
MetaspaceReclaimPolicy: balanced
 - commit_granule_bytes: 65536.
 - commit_granule_words: 8192.
 - virtual_space_node_default_size: 1048576.
 - enlarge_chunks_in_place: 1.
 - new_chunks_are_fully_committed: 0.
 - uncommit_free_chunks: 1.
 - use_allocation_guard: 0.
 - handle_deallocations: 1.


Internal statistics:

num_allocs_failed_limit: 0.
num_arena_births: 6.
num_arena_deaths: 0.
num_vsnodes_births: 2.
num_vsnodes_deaths: 0.
num_space_committed: 122.
num_space_uncommitted: 0.
num_chunks_returned_to_freelist: 0.
num_chunks_taken_from_freelist: 29.
num_chunk_merges: 0.
num_chunk_splits: 11.
num_chunks_enlarged: 8.
num_purges: 0.
num_inconsistent_stats: 0.

CodeHeap 'non-profiled nmethods': size=120000Kb used=58Kb max_used=58Kb free=119941Kb
 bounds [0x000001c798c10000, 0x000001c798e80000, 0x000001c7a0140000]
CodeHeap 'profiled nmethods': size=120000Kb used=312Kb max_used=312Kb free=119687Kb
 bounds [0x000001c791140000, 0x000001c7913b0000, 0x000001c798670000]
CodeHeap 'non-nmethods': size=5760Kb used=1121Kb max_used=1135Kb free=4638Kb
 bounds [0x000001c798670000, 0x000001c7988e0000, 0x000001c798c10000]
 total_blobs=645 nmethods=240 adapters=318
 compilation: enabled
              stopped_count=0, restarted_count=0
 full_count=0

Compilation events (20 events):
Event: 0.352 Thread 0x000001c7a7c291f0 nmethod 227 0x000001c791186490 code [0x000001c791186660, 0x000001c791186a78]
Event: 0.352 Thread 0x000001c7a7c291f0  230       3       java.util.regex.Pattern$Node::<init> (12 bytes)
Event: 0.352 Thread 0x000001c7a7c291f0 nmethod 230 0x000001c791186b90 code [0x000001c791186d40, 0x000001c791186f18]
Event: 0.352 Thread 0x000001c7a7c291f0  231   !   3       java.util.regex.Pattern::closure (276 bytes)
Event: 0.354 Thread 0x000001c7a7c291f0 nmethod 231 0x000001c791187010 code [0x000001c791187400, 0x000001c791188c58]
Event: 0.354 Thread 0x000001c7a7c291f0  232       3       java.net.URI::match (56 bytes)
Event: 0.354 Thread 0x000001c7a7c291f0 nmethod 232 0x000001c791189590 code [0x000001c791189740, 0x000001c791189a38]
Event: 0.354 Thread 0x000001c7a7c291f0  233       3       sun.nio.fs.WindowsPathParser::isInvalidPathChar (22 bytes)
Event: 0.354 Thread 0x000001c7a7c291f0 nmethod 233 0x000001c791189b10 code [0x000001c791189ce0, 0x000001c79118a028]
Event: 0.354 Thread 0x000001c7a7c291f0  234       3       java.util.zip.ZipCoder$UTF8ZipCoder::checkedHash (91 bytes)
Event: 0.355 Thread 0x000001c7a7c288f0  237       4       java.util.zip.ZipUtils::SH (21 bytes)
Event: 0.355 Thread 0x000001c7a7c291f0 nmethod 234 0x000001c79118a190 code [0x000001c79118a380, 0x000001c79118a798]
Event: 0.355 Thread 0x000001c7a7c291f0  235       3       java.util.zip.ZipUtils::CENNAM (9 bytes)
Event: 0.355 Thread 0x000001c7a7c291f0 nmethod 235 0x000001c79118a990 code [0x000001c79118ab20, 0x000001c79118acd8]
Event: 0.355 Thread 0x000001c7a7c291f0  238       3       java.util.zip.ZipUtils::CENHOW (9 bytes)
Event: 0.355 Thread 0x000001c7a7c291f0 nmethod 238 0x000001c79118ae10 code [0x000001c79118afa0, 0x000001c79118b158]
Event: 0.355 Thread 0x000001c7a7c291f0  242   !   3       java.util.zip.ZipFile$Source::checkAndAddEntry (209 bytes)
Event: 0.355 Thread 0x000001c7a7c288f0 nmethod 237 0x000001c798c1e710 code [0x000001c798c1e880, 0x000001c798c1e938]
Event: 0.356 Thread 0x000001c7a7c291f0 nmethod 242 0x000001c79118b290 code [0x000001c79118b600, 0x000001c79118c9a8]
Event: 0.356 Thread 0x000001c7a7c291f0  236       3       java.util.zip.ZipFile$Source::zipCoderForPos (39 bytes)

GC Heap History (0 events):
No events

Dll operation events (2 events):
Event: 0.011 Loaded shared library C:\Program Files\Android\Android Studio\jbr\bin\java.dll
Event: 0.192 Loaded shared library C:\Program Files\Android\Android Studio\jbr\bin\verify.dll

Deoptimization events (0 events):
No events

Classes unloaded (0 events):
No events

Classes redefined (0 events):
No events

Internal exceptions (0 events):
No events

VM Operations (2 events):
Event: 0.184 Executing VM operation: HandshakeAllThreads
Event: 0.184 Executing VM operation: HandshakeAllThreads done

Events (20 events):
Event: 0.346 loading class sun/nio/ch/FileDispatcherImpl done
Event: 0.347 loading class sun/nio/ch/FileLockImpl
Event: 0.347 loading class java/nio/channels/FileLock
Event: 0.347 loading class java/nio/channels/FileLock done
Event: 0.347 loading class sun/nio/ch/FileLockImpl done
Event: 0.347 loading class sun/nio/ch/NativeThread
Event: 0.347 loading class sun/nio/ch/NativeThread done
Event: 0.347 loading class sun/nio/ch/FileLockTable
Event: 0.347 loading class sun/nio/ch/FileLockTable done
Event: 0.347 loading class sun/nio/ch/FileKey
Event: 0.347 loading class sun/nio/ch/FileKey done
Event: 0.347 loading class sun/nio/ch/FileLockTable$FileLockReference
Event: 0.347 loading class sun/nio/ch/FileLockTable$FileLockReference done
Event: 0.348 loading class java/io/RandomAccessFile$1
Event: 0.348 loading class java/io/RandomAccessFile$1 done
Event: 0.353 loading class java/net/URLClassLoader$1
Event: 0.353 loading class java/net/URLClassLoader$1 done
Event: 0.355 loading class java/util/jar/JarVerifier
Event: 0.356 loading class java/util/jar/JarVerifier done
Event: 0.356 loading class java/security/CodeSigner


Dynamic libraries:
0x00007ff70d320000 - 0x00007ff70d32a000 	C:\Program Files\Android\Android Studio\jbr\bin\java.exe
0x00007ffec3a90000 - 0x00007ffec3ca4000 	C:\WINDOWS\SYSTEM32\ntdll.dll
0x00007ffe93910000 - 0x00007ffe93929000 	C:\Program Files\AVG\Antivirus\aswhook.dll
0x00007ffec34d0000 - 0x00007ffec3594000 	C:\WINDOWS\System32\KERNEL32.DLL
0x00007ffec1010000 - 0x00007ffec13b4000 	C:\WINDOWS\System32\KERNELBASE.dll
0x00007ffec13c0000 - 0x00007ffec14d1000 	C:\WINDOWS\System32\ucrtbase.dll
0x00007ffebb390000 - 0x00007ffebb3a7000 	C:\Program Files\Android\Android Studio\jbr\bin\jli.dll
0x00007ffe8af70000 - 0x00007ffe8af8b000 	C:\Program Files\Android\Android Studio\jbr\bin\VCRUNTIME140.dll
0x00007ffec35a0000 - 0x00007ffec374e000 	C:\WINDOWS\System32\USER32.dll
0x00007ffec0ec0000 - 0x00007ffec0ee6000 	C:\WINDOWS\System32\win32u.dll
0x00007ffea9540000 - 0x00007ffea97d3000 	C:\WINDOWS\WinSxS\amd64_microsoft.windows.common-controls_6595b64144ccf1df_6.0.22621.2215_none_270d72677387dfc3\COMCTL32.dll
0x00007ffec1880000 - 0x00007ffec18a9000 	C:\WINDOWS\System32\GDI32.dll
0x00007ffec3860000 - 0x00007ffec3907000 	C:\WINDOWS\System32\msvcrt.dll
0x00007ffec0ef0000 - 0x00007ffec1008000 	C:\WINDOWS\System32\gdi32full.dll
0x00007ffec1780000 - 0x00007ffec181a000 	C:\WINDOWS\System32\msvcp_win.dll
0x00007ffec1820000 - 0x00007ffec1851000 	C:\WINDOWS\System32\IMM32.DLL
0x00007ffe8b6e0000 - 0x00007ffe8b6ec000 	C:\Program Files\Android\Android Studio\jbr\bin\vcruntime140_1.dll
0x00007ffe8aee0000 - 0x00007ffe8af6d000 	C:\Program Files\Android\Android Studio\jbr\bin\msvcp140.dll
0x00007ffe52e00000 - 0x00007ffe53a6e000 	C:\Program Files\Android\Android Studio\jbr\bin\server\jvm.dll
0x00007ffec3750000 - 0x00007ffec3800000 	C:\WINDOWS\System32\ADVAPI32.dll
0x00007ffec2d60000 - 0x00007ffec2e06000 	C:\WINDOWS\System32\sechost.dll
0x00007ffec1940000 - 0x00007ffec1a57000 	C:\WINDOWS\System32\RPCRT4.dll
0x00007ffeb0ed0000 - 0x00007ffeb0ed9000 	C:\WINDOWS\SYSTEM32\WSOCK32.dll
0x00007ffec3910000 - 0x00007ffec3981000 	C:\WINDOWS\System32\WS2_32.dll
0x00007ffeb9080000 - 0x00007ffeb908a000 	C:\WINDOWS\SYSTEM32\VERSION.dll
0x00007ffeb94a0000 - 0x00007ffeb94d4000 	C:\WINDOWS\SYSTEM32\WINMM.dll
0x00007ffebfe40000 - 0x00007ffebfe58000 	C:\WINDOWS\SYSTEM32\kernel.appcore.dll
0x00007ffebdaf0000 - 0x00007ffebdafa000 	C:\Program Files\Android\Android Studio\jbr\bin\jimage.dll
0x00007ffebe5a0000 - 0x00007ffebe7ce000 	C:\WINDOWS\SYSTEM32\DBGHELP.DLL
0x00007ffec1ae0000 - 0x00007ffec1e6a000 	C:\WINDOWS\System32\combase.dll
0x00007ffec2c80000 - 0x00007ffec2d57000 	C:\WINDOWS\System32\OLEAUT32.dll
0x00007ffeb4ef0000 - 0x00007ffeb4f22000 	C:\WINDOWS\SYSTEM32\dbgcore.DLL
0x00007ffec0e40000 - 0x00007ffec0eba000 	C:\WINDOWS\System32\bcryptPrimitives.dll
0x00007ffebaec0000 - 0x00007ffebaee5000 	C:\Program Files\Android\Android Studio\jbr\bin\java.dll
0x00007ffea0b30000 - 0x00007ffea0b48000 	C:\Program Files\Android\Android Studio\jbr\bin\zip.dll
0x00007ffec2390000 - 0x00007ffec2bb3000 	C:\WINDOWS\System32\SHELL32.dll
0x00007ffebedd0000 - 0x00007ffebf6ba000 	C:\WINDOWS\SYSTEM32\windows.storage.dll
0x00007ffebec90000 - 0x00007ffebedce000 	C:\WINDOWS\SYSTEM32\wintypes.dll
0x00007ffec2190000 - 0x00007ffec2283000 	C:\WINDOWS\System32\SHCORE.dll
0x00007ffec2e30000 - 0x00007ffec2e8e000 	C:\WINDOWS\System32\shlwapi.dll
0x00007ffec0d70000 - 0x00007ffec0d96000 	C:\WINDOWS\SYSTEM32\profapi.dll
0x00007ffea0b10000 - 0x00007ffea0b29000 	C:\Program Files\Android\Android Studio\jbr\bin\net.dll
0x00007ffeb91e0000 - 0x00007ffeb9317000 	C:\WINDOWS\SYSTEM32\WINHTTP.dll
0x00007ffec0310000 - 0x00007ffec0379000 	C:\WINDOWS\system32\mswsock.dll
0x00007ffea0af0000 - 0x00007ffea0b06000 	C:\Program Files\Android\Android Studio\jbr\bin\nio.dll
0x00007ffea0ad0000 - 0x00007ffea0ae0000 	C:\Program Files\Android\Android Studio\jbr\bin\verify.dll

dbghelp: loaded successfully - version: 4.0.5 - missing functions: none
symbol engine: initialized successfully - sym options: 0x614 - pdb path: .;C:\Program Files\Android\Android Studio\jbr\bin;C:\WINDOWS\SYSTEM32;C:\Program Files\AVG\Antivirus;C:\WINDOWS\WinSxS\amd64_microsoft.windows.common-controls_6595b64144ccf1df_6.0.22621.2215_none_270d72677387dfc3;C:\Program Files\Android\Android Studio\jbr\bin\server

VM Arguments:
jvm_args: -Dorg.gradle.appname=gradlew 
java_command: org.gradle.wrapper.GradleWrapperMain -q -Ptarget-platform=android-x86 -Ptarget=C:\Users\Nanis\movieapp_200644\lib\main.dart -Pbase-application-name=android.app.Application -Pdart-defines=RkxVVFRFUl9XRUJfQVVUT19ERVRFQ1Q9dHJ1ZQ==,RkxVVFRFUl9XRUJfQ0FOVkFTS0lUX1VSTD1odHRwczovL3d3dy5nc3RhdGljLmNvbS9mbHV0dGVyLWNhbnZhc2tpdC9iMjAxODNlMDQwOTYwOTRiY2MzN2Q5Y2RlMmE0Yjk2ZjVjYzY4NGNmLw== -Pdart-obfuscation=false -Ptrack-widget-creation=true -Ptree-shake-icons=false -Pfilesystem-scheme=org-dartlang-root assembleDebug
java_class_path (initial): C:\Users\Nanis\movieapp_200644\android\\gradle\wrapper\gradle-wrapper.jar
Launcher Type: SUN_STANDARD

[Global flags]
     intx CICompilerCount                          = 4                                         {product} {ergonomic}
     uint ConcGCThreads                            = 2                                         {product} {ergonomic}
     uint G1ConcRefinementThreads                  = 8                                         {product} {ergonomic}
   size_t G1HeapRegionSize                         = 1048576                                   {product} {ergonomic}
    uintx GCDrainStackTargetSize                   = 64                                        {product} {ergonomic}
   size_t InitialHeapSize                          = 117440512                                 {product} {ergonomic}
   size_t MarkStackSize                            = 4194304                                   {product} {ergonomic}
   size_t MaxHeapSize                              = 1862270976                                {product} {ergonomic}
   size_t MaxNewSize                               = 1116733440                                {product} {ergonomic}
   size_t MinHeapDeltaBytes                        = 1048576                                   {product} {ergonomic}
   size_t MinHeapSize                              = 8388608                                   {product} {ergonomic}
    uintx NonNMethodCodeHeapSize                   = 5839372                                {pd product} {ergonomic}
    uintx NonProfiledCodeHeapSize                  = 122909434                              {pd product} {ergonomic}
    uintx ProfiledCodeHeapSize                     = 122909434                              {pd product} {ergonomic}
    uintx ReservedCodeCacheSize                    = 251658240                              {pd product} {ergonomic}
     bool SegmentedCodeCache                       = true                                      {product} {ergonomic}
   size_t SoftMaxHeapSize                          = 1862270976                             {manageable} {ergonomic}
     bool UseCompressedClassPointers               = true                           {product lp64_product} {ergonomic}
     bool UseCompressedOops                        = true                           {product lp64_product} {ergonomic}
     bool UseG1GC                                  = true                                      {product} {ergonomic}
     bool UseLargePagesIndividualAllocation        = false                                  {pd product} {ergonomic}

Logging:
Log output configuration:
 #0: stdout all=warning uptime,level,tags
 #1: stderr all=off uptime,level,tags

Environment Variables:
JAVA_HOME=C:\Program Files\Android\Android Studio\jbr
CLASSPATH=C:\Users\Nanis\movieapp_200644\android\\gradle\wrapper\gradle-wrapper.jar
PATH=C:\Program Files\Android\Android Studio\jbr\bin;C:\Program Files\Microsoft\jdk-11.0.16.101-hotspot\bin;C:\Program Files\Python311\Scripts\;C:\Program Files\Python311\;C:\Program Files (x86)\Common Files\Oracle\Java\javapath;C:\WINDOWS\system32;C:\WINDOWS;C:\WINDOWS\System32\Wbem;C:\WINDOWS\System32\WindowsPowerShell\v1.0\;C:\WINDOWS\System32\OpenSSH\;C:\Program Files\MongoDB Compass\bin;C:\Program Files\nodejs\;C:\Program Files\Git\cmd;C:\Program Files\flutter\bin;C:\Program Files\Microsoft SQL Server\150\Tools\Binn\;C:\Program Files\Microsoft SQL Server\Client SDK\ODBC\170\Tools\Binn\;C:\Program Files\dotnet\;C:\Program Files (x86)\Windows Kits\10\Windows Performance Toolkit\;C:\Users\Nanis\anaconda3;C:\Users\Nanis\anaconda3\Library\mingw-w64\bin;C:\Users\Nanis\anaconda3\Library\usr\bin;C:\Users\Nanis\anaconda3\Library\bin;C:\Users\Nanis\anaconda3\Scripts;C:\Users\Nanis\.console-ninja\.bin;C:\Program Files\MySQL\MySQL Shell 8.0\bin\;C:\Users\Nanis\AppData\Local\Microsoft\WindowsApps;C:\Users\Nanis\AppData\Roaming\npm;C:\Users\Nanis\AppData\Local\GitHubDesktop\bin;C:\Program Files\flutter\bin;C:\Users\Nanis\.dotnet\tools;C:\Users\Nanis\AppData\Local\Programs\Microsoft VS Code\bin;C:\Program Files\flutter\bin\mingit\cmd
USERNAME=Nanis
OS=Windows_NT
PROCESSOR_IDENTIFIER=AMD64 Family 23 Model 24 Stepping 1, AuthenticAMD
TMP=C:\Users\Nanis\AppData\Local\Temp
TEMP=C:\Users\Nanis\AppData\Local\Temp


JNI global refs:
JNI global refs: 8, weak refs: 0

JNI global refs memory usage: 843, weak refs: 209


---------------  S Y S T E M  ---------------

OS:
 Windows 11 , 64 bit Build 22621 (10.0.22621.2215)
OS uptime: 0 days 0:28 hours

CPU: total 8 (initial active 8) (8 cores per cpu, 2 threads per core) family 23 model 24 stepping 1 microcode 0x0, cx8, cmov, fxsr, ht, mmx, 3dnowpref, sse, sse2, sse3, ssse3, sse4a, sse4.1, sse4.2, popcnt, lzcnt, tsc, tscinvbit, avx, avx2, aes, clmul, bmi1, bmi2, adx, sha, fma, vzeroupper, clflush, clflushopt

Memory: 4k page, system-wide physical 7103M (210M free)
TotalPageFile size 28607M (AvailPageFile size 0M)
current process WorkingSet (physical memory assigned to process): 38M, peak: 38M
current process commit charge ("private bytes"): 191M, peak: 191M

vm_info: OpenJDK 64-Bit Server VM (17.0.6+0-b2043.56-10027231) for windows-amd64 JRE (17.0.6+0-b2043.56-10027231), built on Apr 28 2023 00:43:19 by "androidbuild" with MS VC++ 16.10 / 16.11 (VS2019)

END.
