#
# There is insufficient memory for the Java Runtime Environment to continue.
# Native memory allocation (malloc) failed to allocate 119168 bytes for Chunk::new
# Possible reasons:
#   The system is out of physical RAM or swap space
#   The process is running with CompressedOops enabled, and the Java Heap may be blocking the growth of the native heap
# Possible solutions:
#   Reduce memory load on the system
#   Increase physical memory or swap space
#   Check if swap backing store is full
#   Decrease Java heap size (-Xmx/-Xms)
#   Decrease number of Java threads
#   Decrease Java thread stack sizes (-Xss)
#   Set larger code cache with -XX:ReservedCodeCacheSize=
#   JVM is running with Unscaled Compressed Oops mode in which the Java heap is
#     placed in the first 4GB address space. The Java Heap base address is the
#     maximum limit for the native heap growth. Please use -XX:HeapBaseMinAddress
#     to set the Java Heap base and to place the Java Heap above 4GB virtual address.
# This output file may be truncated or incomplete.
#
#  Out of Memory Error (arena.cpp:189), pid=9804, tid=7500
#
# JRE version: OpenJDK Runtime Environment (17.0.6) (build 17.0.6+0-b2043.56-10027231)
# Java VM: OpenJDK 64-Bit Server VM (17.0.6+0-b2043.56-10027231, mixed mode, tiered, compressed oops, compressed class ptrs, g1 gc, windows-amd64)
# No core dump will be written. Minidumps are not enabled by default on client versions of Windows
#

---------------  S U M M A R Y ------------

Command Line: -Dorg.gradle.appname=gradlew org.gradle.wrapper.GradleWrapperMain -q -Ptarget-platform=android-x86 -Ptarget=C:\Users\Nanis\movieapp_200644\lib\main.dart -Pbase-application-name=android.app.Application -Pdart-defines=RkxVVFRFUl9XRUJfQVVUT19ERVRFQ1Q9dHJ1ZQ==,RkxVVFRFUl9XRUJfQ0FOVkFTS0lUX1VSTD1odHRwczovL3d3dy5nc3RhdGljLmNvbS9mbHV0dGVyLWNhbnZhc2tpdC9iMjAxODNlMDQwOTYwOTRiY2MzN2Q5Y2RlMmE0Yjk2ZjVjYzY4NGNmLw== -Pdart-obfuscation=false -Ptrack-widget-creation=true -Ptree-shake-icons=false -Pfilesystem-scheme=org-dartlang-root assembleDebug

Host: AMD Ryzen 7 3700U with Radeon Vega Mobile Gfx  , 8 cores, 6G,  Windows 11 , 64 bit Build 22621 (10.0.22621.2215)
Time: Sun Oct  8 12:00:02 2023 Hora estándar central (México) elapsed time: 0.610521 seconds (0d 0h 0m 0s)

---------------  T H R E A D  ---------------

Current thread (0x000001db1855e100):  JavaThread "C2 CompilerThread0" daemon [_thread_in_native, id=7500, stack(0x0000008c68200000,0x0000008c68300000)]


Current CompileTask:
C2:    610  429       4       java.io.WinNTFileSystem::resolve (275 bytes)

Stack: [0x0000008c68200000,0x0000008c68300000]
Native frames: (J=compiled Java code, j=interpreted, Vv=VM code, C=native code)
V  [jvm.dll+0x683c9a]
V  [jvm.dll+0x8427a4]
V  [jvm.dll+0x843f9e]
V  [jvm.dll+0x844603]
V  [jvm.dll+0x249b75]
V  [jvm.dll+0xabcac]
V  [jvm.dll+0xac27c]
V  [jvm.dll+0x368857]
V  [jvm.dll+0x1bd0b8]
V  [jvm.dll+0x21c359]
V  [jvm.dll+0x21b621]
V  [jvm.dll+0x1a4fdd]
V  [jvm.dll+0x22b098]
V  [jvm.dll+0x229159]
V  [jvm.dll+0x7f81ec]
V  [jvm.dll+0x7f274a]
V  [jvm.dll+0x682ad5]
C  [ucrtbase.dll+0x29363]
C  [KERNEL32.DLL+0x1257d]
C  [ntdll.dll+0x5aa68]


---------------  P R O C E S S  ---------------

Threads class SMR info:
_java_thread_list=0x000001db186c24c0, length=12, elements={
0x000001db7bcedfd0, 0x000001db7f64a9c0, 0x000001db7f64b830, 0x000001db18554ce0,
0x000001db185557a0, 0x000001db18558810, 0x000001db18559870, 0x000001db1855e100,
0x000001db1855f250, 0x000001db18562300, 0x000001db186c4db0, 0x000001db186dd010
}

Java Threads: ( => current thread )
  0x000001db7bcedfd0 JavaThread "main" [_thread_in_Java, id=4220, stack(0x0000008c67500000,0x0000008c67600000)]
  0x000001db7f64a9c0 JavaThread "Reference Handler" daemon [_thread_blocked, id=4196, stack(0x0000008c67c00000,0x0000008c67d00000)]
  0x000001db7f64b830 JavaThread "Finalizer" daemon [_thread_blocked, id=3268, stack(0x0000008c67d00000,0x0000008c67e00000)]
  0x000001db18554ce0 JavaThread "Signal Dispatcher" daemon [_thread_blocked, id=5332, stack(0x0000008c67e00000,0x0000008c67f00000)]
  0x000001db185557a0 JavaThread "Attach Listener" daemon [_thread_blocked, id=2980, stack(0x0000008c67f00000,0x0000008c68000000)]
  0x000001db18558810 JavaThread "Service Thread" daemon [_thread_blocked, id=15760, stack(0x0000008c68000000,0x0000008c68100000)]
  0x000001db18559870 JavaThread "Monitor Deflation Thread" daemon [_thread_blocked, id=3944, stack(0x0000008c68100000,0x0000008c68200000)]
=>0x000001db1855e100 JavaThread "C2 CompilerThread0" daemon [_thread_in_native, id=7500, stack(0x0000008c68200000,0x0000008c68300000)]
  0x000001db1855f250 JavaThread "C1 CompilerThread0" daemon [_thread_in_native, id=14156, stack(0x0000008c68300000,0x0000008c68400000)]
  0x000001db18562300 JavaThread "Sweeper thread" daemon [_thread_blocked, id=16040, stack(0x0000008c68400000,0x0000008c68500000)]
  0x000001db186c4db0 JavaThread "Notification Thread" daemon [_thread_blocked, id=14488, stack(0x0000008c68500000,0x0000008c68600000)]
  0x000001db186dd010 JavaThread "Common-Cleaner" daemon [_thread_blocked, id=3380, stack(0x0000008c68700000,0x0000008c68800000)]

Other Threads:
  0x000001db7f647510 VMThread "VM Thread" [stack: 0x0000008c67b00000,0x0000008c67c00000] [id=10872]
  0x000001db186c7690 WatcherThread [stack: 0x0000008c68600000,0x0000008c68700000] [id=13592]
  0x000001db7ddf51f0 GCTaskThread "GC Thread#0" [stack: 0x0000008c67600000,0x0000008c67700000] [id=264]
  0x000001db7de03f30 ConcurrentGCThread "G1 Main Marker" [stack: 0x0000008c67700000,0x0000008c67800000] [id=11148]
  0x000001db7de04a10 ConcurrentGCThread "G1 Conc#0" [stack: 0x0000008c67800000,0x0000008c67900000] [id=15872]
  0x000001db7f4b20b0 ConcurrentGCThread "G1 Refine#0" [stack: 0x0000008c67900000,0x0000008c67a00000] [id=2228]
  0x000001db7f4b2ad0 ConcurrentGCThread "G1 Service" [stack: 0x0000008c67a00000,0x0000008c67b00000] [id=4536]

Threads with active compile tasks:
C2 CompilerThread0      648  429       4       java.io.WinNTFileSystem::resolve (275 bytes)
C1 CompilerThread0      648  456   !   3       java.util.zip.ZipFile$Source::checkAndAddEntry (209 bytes)

VM state: not at safepoint (normal execution)

VM Mutex/Monitor currently owned by a thread: None

Heap address: 0x0000000091000000, size: 1776 MB, Compressed Oops mode: 32-bit

CDS archive(s) not mapped
Compressed class space mapped at: 0x0000000100000000-0x0000000140000000, reserved size: 1073741824
Narrow klass base: 0x0000000000000000, Narrow klass shift: 3, Narrow klass range: 0x140000000

GC Precious Log:
 CPUs: 8 total, 8 available
 Memory: 7103M
 Large Page Support: Disabled
 NUMA Support: Disabled
 Compressed Oops: Enabled (32-bit)
 Heap Region Size: 1M
 Heap Min Capacity: 8M
 Heap Initial Capacity: 112M
 Heap Max Capacity: 1776M
 Pre-touch: Disabled
 Parallel Workers: 8
 Concurrent Workers: 2
 Concurrent Refinement Workers: 8
 Periodic GC: Disabled

Heap:
 garbage-first heap   total 114688K, used 12288K [0x0000000091000000, 0x0000000100000000)
  region size 1024K, 11 young (11264K), 0 survivors (0K)
 Metaspace       used 8167K, committed 8256K, reserved 1056768K
  class space    used 720K, committed 768K, reserved 1048576K

Heap Regions: E=young(eden), S=young(survivor), O=old, HS=humongous(starts), HC=humongous(continues), CS=collection set, F=free, OA=open archive, CA=closed archive, TAMS=top-at-mark-start (previous, next)
|   0|0x0000000091000000, 0x0000000091100000, 0x0000000091100000|100%|HS|  |TAMS 0x0000000091000000, 0x0000000091000000| Complete 
|   1|0x0000000091100000, 0x0000000091200000, 0x0000000091200000|100%|HC|  |TAMS 0x0000000091100000, 0x0000000091100000| Complete 
|   2|0x0000000091200000, 0x0000000091300000, 0x0000000091300000|100%|HC|  |TAMS 0x0000000091200000, 0x0000000091200000| Complete 
|   3|0x0000000091300000, 0x0000000091300000, 0x0000000091400000|  0%| F|  |TAMS 0x0000000091300000, 0x0000000091300000| Untracked 
|   4|0x0000000091400000, 0x0000000091400000, 0x0000000091500000|  0%| F|  |TAMS 0x0000000091400000, 0x0000000091400000| Untracked 
|   5|0x0000000091500000, 0x0000000091500000, 0x0000000091600000|  0%| F|  |TAMS 0x0000000091500000, 0x0000000091500000| Untracked 
|   6|0x0000000091600000, 0x0000000091600000, 0x0000000091700000|  0%| F|  |TAMS 0x0000000091600000, 0x0000000091600000| Untracked 
|   7|0x0000000091700000, 0x0000000091700000, 0x0000000091800000|  0%| F|  |TAMS 0x0000000091700000, 0x0000000091700000| Untracked 
|   8|0x0000000091800000, 0x0000000091800000, 0x0000000091900000|  0%| F|  |TAMS 0x0000000091800000, 0x0000000091800000| Untracked 
|   9|0x0000000091900000, 0x0000000091900000, 0x0000000091a00000|  0%| F|  |TAMS 0x0000000091900000, 0x0000000091900000| Untracked 
|  10|0x0000000091a00000, 0x0000000091a00000, 0x0000000091b00000|  0%| F|  |TAMS 0x0000000091a00000, 0x0000000091a00000| Untracked 
|  11|0x0000000091b00000, 0x0000000091b00000, 0x0000000091c00000|  0%| F|  |TAMS 0x0000000091b00000, 0x0000000091b00000| Untracked 
|  12|0x0000000091c00000, 0x0000000091c00000, 0x0000000091d00000|  0%| F|  |TAMS 0x0000000091c00000, 0x0000000091c00000| Untracked 
|  13|0x0000000091d00000, 0x0000000091d00000, 0x0000000091e00000|  0%| F|  |TAMS 0x0000000091d00000, 0x0000000091d00000| Untracked 
|  14|0x0000000091e00000, 0x0000000091e00000, 0x0000000091f00000|  0%| F|  |TAMS 0x0000000091e00000, 0x0000000091e00000| Untracked 
|  15|0x0000000091f00000, 0x0000000091f00000, 0x0000000092000000|  0%| F|  |TAMS 0x0000000091f00000, 0x0000000091f00000| Untracked 
|  16|0x0000000092000000, 0x0000000092000000, 0x0000000092100000|  0%| F|  |TAMS 0x0000000092000000, 0x0000000092000000| Untracked 
|  17|0x0000000092100000, 0x0000000092100000, 0x0000000092200000|  0%| F|  |TAMS 0x0000000092100000, 0x0000000092100000| Untracked 
|  18|0x0000000092200000, 0x0000000092200000, 0x0000000092300000|  0%| F|  |TAMS 0x0000000092200000, 0x0000000092200000| Untracked 
|  19|0x0000000092300000, 0x0000000092300000, 0x0000000092400000|  0%| F|  |TAMS 0x0000000092300000, 0x0000000092300000| Untracked 
|  20|0x0000000092400000, 0x0000000092400000, 0x0000000092500000|  0%| F|  |TAMS 0x0000000092400000, 0x0000000092400000| Untracked 
|  21|0x0000000092500000, 0x0000000092500000, 0x0000000092600000|  0%| F|  |TAMS 0x0000000092500000, 0x0000000092500000| Untracked 
|  22|0x0000000092600000, 0x0000000092600000, 0x0000000092700000|  0%| F|  |TAMS 0x0000000092600000, 0x0000000092600000| Untracked 
|  23|0x0000000092700000, 0x0000000092700000, 0x0000000092800000|  0%| F|  |TAMS 0x0000000092700000, 0x0000000092700000| Untracked 
|  24|0x0000000092800000, 0x0000000092800000, 0x0000000092900000|  0%| F|  |TAMS 0x0000000092800000, 0x0000000092800000| Untracked 
|  25|0x0000000092900000, 0x0000000092900000, 0x0000000092a00000|  0%| F|  |TAMS 0x0000000092900000, 0x0000000092900000| Untracked 
|  26|0x0000000092a00000, 0x0000000092a00000, 0x0000000092b00000|  0%| F|  |TAMS 0x0000000092a00000, 0x0000000092a00000| Untracked 
|  27|0x0000000092b00000, 0x0000000092b00000, 0x0000000092c00000|  0%| F|  |TAMS 0x0000000092b00000, 0x0000000092b00000| Untracked 
|  28|0x0000000092c00000, 0x0000000092c00000, 0x0000000092d00000|  0%| F|  |TAMS 0x0000000092c00000, 0x0000000092c00000| Untracked 
|  29|0x0000000092d00000, 0x0000000092d00000, 0x0000000092e00000|  0%| F|  |TAMS 0x0000000092d00000, 0x0000000092d00000| Untracked 
|  30|0x0000000092e00000, 0x0000000092e00000, 0x0000000092f00000|  0%| F|  |TAMS 0x0000000092e00000, 0x0000000092e00000| Untracked 
|  31|0x0000000092f00000, 0x0000000092f00000, 0x0000000093000000|  0%| F|  |TAMS 0x0000000092f00000, 0x0000000092f00000| Untracked 
|  32|0x0000000093000000, 0x0000000093000000, 0x0000000093100000|  0%| F|  |TAMS 0x0000000093000000, 0x0000000093000000| Untracked 
|  33|0x0000000093100000, 0x0000000093100000, 0x0000000093200000|  0%| F|  |TAMS 0x0000000093100000, 0x0000000093100000| Untracked 
|  34|0x0000000093200000, 0x0000000093200000, 0x0000000093300000|  0%| F|  |TAMS 0x0000000093200000, 0x0000000093200000| Untracked 
|  35|0x0000000093300000, 0x0000000093300000, 0x0000000093400000|  0%| F|  |TAMS 0x0000000093300000, 0x0000000093300000| Untracked 
|  36|0x0000000093400000, 0x0000000093400000, 0x0000000093500000|  0%| F|  |TAMS 0x0000000093400000, 0x0000000093400000| Untracked 
|  37|0x0000000093500000, 0x0000000093500000, 0x0000000093600000|  0%| F|  |TAMS 0x0000000093500000, 0x0000000093500000| Untracked 
|  38|0x0000000093600000, 0x0000000093600000, 0x0000000093700000|  0%| F|  |TAMS 0x0000000093600000, 0x0000000093600000| Untracked 
|  39|0x0000000093700000, 0x0000000093700000, 0x0000000093800000|  0%| F|  |TAMS 0x0000000093700000, 0x0000000093700000| Untracked 
|  40|0x0000000093800000, 0x0000000093800000, 0x0000000093900000|  0%| F|  |TAMS 0x0000000093800000, 0x0000000093800000| Untracked 
|  41|0x0000000093900000, 0x0000000093900000, 0x0000000093a00000|  0%| F|  |TAMS 0x0000000093900000, 0x0000000093900000| Untracked 
|  42|0x0000000093a00000, 0x0000000093a00000, 0x0000000093b00000|  0%| F|  |TAMS 0x0000000093a00000, 0x0000000093a00000| Untracked 
|  43|0x0000000093b00000, 0x0000000093b00000, 0x0000000093c00000|  0%| F|  |TAMS 0x0000000093b00000, 0x0000000093b00000| Untracked 
|  44|0x0000000093c00000, 0x0000000093c00000, 0x0000000093d00000|  0%| F|  |TAMS 0x0000000093c00000, 0x0000000093c00000| Untracked 
|  45|0x0000000093d00000, 0x0000000093d00000, 0x0000000093e00000|  0%| F|  |TAMS 0x0000000093d00000, 0x0000000093d00000| Untracked 
|  46|0x0000000093e00000, 0x0000000093e00000, 0x0000000093f00000|  0%| F|  |TAMS 0x0000000093e00000, 0x0000000093e00000| Untracked 
|  47|0x0000000093f00000, 0x0000000093f00000, 0x0000000094000000|  0%| F|  |TAMS 0x0000000093f00000, 0x0000000093f00000| Untracked 
|  48|0x0000000094000000, 0x0000000094000000, 0x0000000094100000|  0%| F|  |TAMS 0x0000000094000000, 0x0000000094000000| Untracked 
|  49|0x0000000094100000, 0x0000000094100000, 0x0000000094200000|  0%| F|  |TAMS 0x0000000094100000, 0x0000000094100000| Untracked 
|  50|0x0000000094200000, 0x0000000094200000, 0x0000000094300000|  0%| F|  |TAMS 0x0000000094200000, 0x0000000094200000| Untracked 
|  51|0x0000000094300000, 0x0000000094300000, 0x0000000094400000|  0%| F|  |TAMS 0x0000000094300000, 0x0000000094300000| Untracked 
|  52|0x0000000094400000, 0x0000000094400000, 0x0000000094500000|  0%| F|  |TAMS 0x0000000094400000, 0x0000000094400000| Untracked 
|  53|0x0000000094500000, 0x0000000094500000, 0x0000000094600000|  0%| F|  |TAMS 0x0000000094500000, 0x0000000094500000| Untracked 
|  54|0x0000000094600000, 0x0000000094600000, 0x0000000094700000|  0%| F|  |TAMS 0x0000000094600000, 0x0000000094600000| Untracked 
|  55|0x0000000094700000, 0x0000000094700000, 0x0000000094800000|  0%| F|  |TAMS 0x0000000094700000, 0x0000000094700000| Untracked 
|  56|0x0000000094800000, 0x0000000094800000, 0x0000000094900000|  0%| F|  |TAMS 0x0000000094800000, 0x0000000094800000| Untracked 
|  57|0x0000000094900000, 0x0000000094900000, 0x0000000094a00000|  0%| F|  |TAMS 0x0000000094900000, 0x0000000094900000| Untracked 
|  58|0x0000000094a00000, 0x0000000094a00000, 0x0000000094b00000|  0%| F|  |TAMS 0x0000000094a00000, 0x0000000094a00000| Untracked 
|  59|0x0000000094b00000, 0x0000000094b00000, 0x0000000094c00000|  0%| F|  |TAMS 0x0000000094b00000, 0x0000000094b00000| Untracked 
|  60|0x0000000094c00000, 0x0000000094c00000, 0x0000000094d00000|  0%| F|  |TAMS 0x0000000094c00000, 0x0000000094c00000| Untracked 
|  61|0x0000000094d00000, 0x0000000094d00000, 0x0000000094e00000|  0%| F|  |TAMS 0x0000000094d00000, 0x0000000094d00000| Untracked 
|  62|0x0000000094e00000, 0x0000000094e00000, 0x0000000094f00000|  0%| F|  |TAMS 0x0000000094e00000, 0x0000000094e00000| Untracked 
|  63|0x0000000094f00000, 0x0000000094f00000, 0x0000000095000000|  0%| F|  |TAMS 0x0000000094f00000, 0x0000000094f00000| Untracked 
|  64|0x0000000095000000, 0x0000000095000000, 0x0000000095100000|  0%| F|  |TAMS 0x0000000095000000, 0x0000000095000000| Untracked 
|  65|0x0000000095100000, 0x0000000095100000, 0x0000000095200000|  0%| F|  |TAMS 0x0000000095100000, 0x0000000095100000| Untracked 
|  66|0x0000000095200000, 0x0000000095200000, 0x0000000095300000|  0%| F|  |TAMS 0x0000000095200000, 0x0000000095200000| Untracked 
|  67|0x0000000095300000, 0x0000000095300000, 0x0000000095400000|  0%| F|  |TAMS 0x0000000095300000, 0x0000000095300000| Untracked 
|  68|0x0000000095400000, 0x0000000095400000, 0x0000000095500000|  0%| F|  |TAMS 0x0000000095400000, 0x0000000095400000| Untracked 
|  69|0x0000000095500000, 0x0000000095500000, 0x0000000095600000|  0%| F|  |TAMS 0x0000000095500000, 0x0000000095500000| Untracked 
|  70|0x0000000095600000, 0x0000000095600000, 0x0000000095700000|  0%| F|  |TAMS 0x0000000095600000, 0x0000000095600000| Untracked 
|  71|0x0000000095700000, 0x0000000095700000, 0x0000000095800000|  0%| F|  |TAMS 0x0000000095700000, 0x0000000095700000| Untracked 
|  72|0x0000000095800000, 0x0000000095800000, 0x0000000095900000|  0%| F|  |TAMS 0x0000000095800000, 0x0000000095800000| Untracked 
|  73|0x0000000095900000, 0x0000000095900000, 0x0000000095a00000|  0%| F|  |TAMS 0x0000000095900000, 0x0000000095900000| Untracked 
|  74|0x0000000095a00000, 0x0000000095a00000, 0x0000000095b00000|  0%| F|  |TAMS 0x0000000095a00000, 0x0000000095a00000| Untracked 
|  75|0x0000000095b00000, 0x0000000095b00000, 0x0000000095c00000|  0%| F|  |TAMS 0x0000000095b00000, 0x0000000095b00000| Untracked 
|  76|0x0000000095c00000, 0x0000000095c00000, 0x0000000095d00000|  0%| F|  |TAMS 0x0000000095c00000, 0x0000000095c00000| Untracked 
|  77|0x0000000095d00000, 0x0000000095d00000, 0x0000000095e00000|  0%| F|  |TAMS 0x0000000095d00000, 0x0000000095d00000| Untracked 
|  78|0x0000000095e00000, 0x0000000095e00000, 0x0000000095f00000|  0%| F|  |TAMS 0x0000000095e00000, 0x0000000095e00000| Untracked 
|  79|0x0000000095f00000, 0x0000000095f00000, 0x0000000096000000|  0%| F|  |TAMS 0x0000000095f00000, 0x0000000095f00000| Untracked 
|  80|0x0000000096000000, 0x0000000096000000, 0x0000000096100000|  0%| F|  |TAMS 0x0000000096000000, 0x0000000096000000| Untracked 
|  81|0x0000000096100000, 0x0000000096100000, 0x0000000096200000|  0%| F|  |TAMS 0x0000000096100000, 0x0000000096100000| Untracked 
|  82|0x0000000096200000, 0x0000000096200000, 0x0000000096300000|  0%| F|  |TAMS 0x0000000096200000, 0x0000000096200000| Untracked 
|  83|0x0000000096300000, 0x0000000096300000, 0x0000000096400000|  0%| F|  |TAMS 0x0000000096300000, 0x0000000096300000| Untracked 
|  84|0x0000000096400000, 0x0000000096400000, 0x0000000096500000|  0%| F|  |TAMS 0x0000000096400000, 0x0000000096400000| Untracked 
|  85|0x0000000096500000, 0x0000000096500000, 0x0000000096600000|  0%| F|  |TAMS 0x0000000096500000, 0x0000000096500000| Untracked 
|  86|0x0000000096600000, 0x0000000096600000, 0x0000000096700000|  0%| F|  |TAMS 0x0000000096600000, 0x0000000096600000| Untracked 
|  87|0x0000000096700000, 0x0000000096700000, 0x0000000096800000|  0%| F|  |TAMS 0x0000000096700000, 0x0000000096700000| Untracked 
|  88|0x0000000096800000, 0x0000000096800000, 0x0000000096900000|  0%| F|  |TAMS 0x0000000096800000, 0x0000000096800000| Untracked 
|  89|0x0000000096900000, 0x0000000096900000, 0x0000000096a00000|  0%| F|  |TAMS 0x0000000096900000, 0x0000000096900000| Untracked 
|  90|0x0000000096a00000, 0x0000000096a00000, 0x0000000096b00000|  0%| F|  |TAMS 0x0000000096a00000, 0x0000000096a00000| Untracked 
|  91|0x0000000096b00000, 0x0000000096b00000, 0x0000000096c00000|  0%| F|  |TAMS 0x0000000096b00000, 0x0000000096b00000| Untracked 
|  92|0x0000000096c00000, 0x0000000096c00000, 0x0000000096d00000|  0%| F|  |TAMS 0x0000000096c00000, 0x0000000096c00000| Untracked 
|  93|0x0000000096d00000, 0x0000000096d00000, 0x0000000096e00000|  0%| F|  |TAMS 0x0000000096d00000, 0x0000000096d00000| Untracked 
|  94|0x0000000096e00000, 0x0000000096e00000, 0x0000000096f00000|  0%| F|  |TAMS 0x0000000096e00000, 0x0000000096e00000| Untracked 
|  95|0x0000000096f00000, 0x0000000096f00000, 0x0000000097000000|  0%| F|  |TAMS 0x0000000096f00000, 0x0000000096f00000| Untracked 
|  96|0x0000000097000000, 0x0000000097000000, 0x0000000097100000|  0%| F|  |TAMS 0x0000000097000000, 0x0000000097000000| Untracked 
|  97|0x0000000097100000, 0x0000000097100000, 0x0000000097200000|  0%| F|  |TAMS 0x0000000097100000, 0x0000000097100000| Untracked 
|  98|0x0000000097200000, 0x0000000097200000, 0x0000000097300000|  0%| F|  |TAMS 0x0000000097200000, 0x0000000097200000| Untracked 
|  99|0x0000000097300000, 0x0000000097300000, 0x0000000097400000|  0%| F|  |TAMS 0x0000000097300000, 0x0000000097300000| Untracked 
| 100|0x0000000097400000, 0x0000000097400000, 0x0000000097500000|  0%| F|  |TAMS 0x0000000097400000, 0x0000000097400000| Untracked 
| 101|0x0000000097500000, 0x000000009754a7b0, 0x0000000097600000| 29%| E|  |TAMS 0x0000000097500000, 0x0000000097500000| Complete 
| 102|0x0000000097600000, 0x00000000976ec100, 0x0000000097700000| 92%| E|  |TAMS 0x0000000097600000, 0x0000000097600000| Complete 
| 103|0x0000000097700000, 0x0000000097800000, 0x0000000097800000|100%| E|CS|TAMS 0x0000000097700000, 0x0000000097700000| Complete 
| 104|0x0000000097800000, 0x0000000097900000, 0x0000000097900000|100%| E|CS|TAMS 0x0000000097800000, 0x0000000097800000| Complete 
| 105|0x0000000097900000, 0x0000000097a00000, 0x0000000097a00000|100%| E|CS|TAMS 0x0000000097900000, 0x0000000097900000| Complete 
| 106|0x0000000097a00000, 0x0000000097b00000, 0x0000000097b00000|100%| E|CS|TAMS 0x0000000097a00000, 0x0000000097a00000| Complete 
| 107|0x0000000097b00000, 0x0000000097c00000, 0x0000000097c00000|100%| E|CS|TAMS 0x0000000097b00000, 0x0000000097b00000| Complete 
| 108|0x0000000097c00000, 0x0000000097d00000, 0x0000000097d00000|100%| E|CS|TAMS 0x0000000097c00000, 0x0000000097c00000| Complete 
| 109|0x0000000097d00000, 0x0000000097e00000, 0x0000000097e00000|100%| E|CS|TAMS 0x0000000097d00000, 0x0000000097d00000| Complete 
| 110|0x0000000097e00000, 0x0000000097f00000, 0x0000000097f00000|100%| E|CS|TAMS 0x0000000097e00000, 0x0000000097e00000| Complete 
| 111|0x0000000097f00000, 0x0000000098000000, 0x0000000098000000|100%| E|CS|TAMS 0x0000000097f00000, 0x0000000097f00000| Complete 

Card table byte_map: [0x000001db7e510000,0x000001db7e890000] _byte_map_base: 0x000001db7e088000

Marking Bits (Prev, Next): (CMBitMap*) 0x000001db7ddf5800, (CMBitMap*) 0x000001db7ddf5840
 Prev Bits: [0x000001db12400000, 0x000001db13fc0000)
 Next Bits: [0x000001db13fc0000, 0x000001db15b80000)

Polling page: 0x000001db7bd30000

Metaspace:

Usage:
  Non-class:      7.27 MB used.
      Class:    720.17 KB used.
       Both:      7.98 MB used.

Virtual space:
  Non-class space:        8.00 MB reserved,       7.31 MB ( 91%) committed,  1 nodes.
      Class space:        1.00 GB reserved,     768.00 KB ( <1%) committed,  1 nodes.
             Both:        1.01 GB reserved,       8.06 MB ( <1%) committed. 

Chunk freelists:
   Non-Class:  338.00 KB
       Class:  3.20 MB
        Both:  3.53 MB

MaxMetaspaceSize: unlimited
CompressedClassSpaceSize: 1.00 GB
Initial GC threshold: 21.00 MB
Current GC threshold: 21.00 MB
CDS: off
MetaspaceReclaimPolicy: balanced
 - commit_granule_bytes: 65536.
 - commit_granule_words: 8192.
 - virtual_space_node_default_size: 1048576.
 - enlarge_chunks_in_place: 1.
 - new_chunks_are_fully_committed: 0.
 - uncommit_free_chunks: 1.
 - use_allocation_guard: 0.
 - handle_deallocations: 1.


Internal statistics:

num_allocs_failed_limit: 0.
num_arena_births: 12.
num_arena_deaths: 0.
num_vsnodes_births: 2.
num_vsnodes_deaths: 0.
num_space_committed: 129.
num_space_uncommitted: 0.
num_chunks_returned_to_freelist: 0.
num_chunks_taken_from_freelist: 52.
num_chunk_merges: 0.
num_chunk_splits: 22.
num_chunks_enlarged: 16.
num_purges: 0.
num_inconsistent_stats: 0.

CodeHeap 'non-profiled nmethods': size=120000Kb used=128Kb max_used=128Kb free=119871Kb
 bounds [0x000001db0aed0000, 0x000001db0b140000, 0x000001db12400000]
CodeHeap 'profiled nmethods': size=120000Kb used=690Kb max_used=690Kb free=119309Kb
 bounds [0x000001db03400000, 0x000001db03670000, 0x000001db0a930000]
CodeHeap 'non-nmethods': size=5760Kb used=1122Kb max_used=1137Kb free=4637Kb
 bounds [0x000001db0a930000, 0x000001db0aba0000, 0x000001db0aed0000]
 total_blobs=862 nmethods=456 adapters=319
 compilation: enabled
              stopped_count=0, restarted_count=0
 full_count=0

Compilation events (20 events):
Event: 0.589 Thread 0x000001db1855e100  427       4       java.lang.String::<init> (74 bytes)
Event: 0.592 Thread 0x000001db1855e100 nmethod 427 0x000001db0aeeec90 code [0x000001db0aeeee20, 0x000001db0aeef258]
Event: 0.592 Thread 0x000001db1855e100  428       4       java.lang.StringUTF16::compress (20 bytes)
Event: 0.594 Thread 0x000001db1855e100 nmethod 428 0x000001db0aeef390 code [0x000001db0aeef520, 0x000001db0aeef758]
Event: 0.597 Thread 0x000001db1855e100  429       4       java.io.WinNTFileSystem::resolve (275 bytes)
Event: 0.601 Thread 0x000001db1855f250  431       3       java.lang.ref.Reference::clear (5 bytes)
Event: 0.601 Thread 0x000001db1855f250 nmethod 431 0x000001db03498190 code [0x000001db03498320, 0x000001db03498468]
Event: 0.601 Thread 0x000001db1855f250  433       3       java.io.File::isFile (34 bytes)
Event: 0.602 Thread 0x000001db1855f250 nmethod 433 0x000001db03498510 code [0x000001db03498700, 0x000001db03498c28]
Event: 0.602 Thread 0x000001db1855f250  434       3       java.io.File::<init> (111 bytes)
Event: 0.602 Thread 0x000001db1855f250 nmethod 434 0x000001db03498d90 code [0x000001db03499040, 0x000001db03499a68]
Event: 0.604 Thread 0x000001db1855f250  436       3       java.lang.ref.Cleaner::register (25 bytes)
Event: 0.605 Thread 0x000001db1855f250 nmethod 436 0x000001db03499e10 code [0x000001db0349a000, 0x000001db0349a548]
Event: 0.605 Thread 0x000001db1855f250  437       3       jdk.internal.ref.CleanerImpl$PhantomCleanableRef::<init> (12 bytes)
Event: 0.605 Thread 0x000001db1855f250 nmethod 437 0x000001db0349a790 code [0x000001db0349a940, 0x000001db0349aae8]
Event: 0.605 Thread 0x000001db1855f250  438  s    3       java.util.Properties::put (10 bytes)
Event: 0.605 Thread 0x000001db1855f250 nmethod 438 0x000001db0349ab90 code [0x000001db0349ad40, 0x000001db0349afa8]
Event: 0.605 Thread 0x000001db1855f250  439   !   3       jdk.internal.ref.PhantomCleanable::remove (60 bytes)
Event: 0.606 Thread 0x000001db1855f250 nmethod 439 0x000001db0349b090 code [0x000001db0349b240, 0x000001db0349b658]
Event: 0.606 Thread 0x000001db1855f250  440       3       java.util.regex.Pattern::compile (500 bytes)

GC Heap History (0 events):
No events

Dll operation events (2 events):
Event: 0.016 Loaded shared library C:\Program Files\Android\Android Studio\jbr\bin\java.dll
Event: 0.205 Loaded shared library C:\Program Files\Android\Android Studio\jbr\bin\verify.dll

Deoptimization events (20 events):
Event: 0.461 Thread 0x000001db7bcedfd0 DEOPT PACKING pc=0x000001db0342e07e sp=0x0000008c675fd570
Event: 0.461 Thread 0x000001db7bcedfd0 DEOPT UNPACKING pc=0x000001db0a987143 sp=0x0000008c675fc9e0 mode 0
Event: 0.461 Thread 0x000001db7bcedfd0 DEOPT PACKING pc=0x000001db0342e07e sp=0x0000008c675fd570
Event: 0.461 Thread 0x000001db7bcedfd0 DEOPT UNPACKING pc=0x000001db0a987143 sp=0x0000008c675fc9e0 mode 0
Event: 0.465 Thread 0x000001db7bcedfd0 DEOPT PACKING pc=0x000001db0342e07e sp=0x0000008c675fd570
Event: 0.465 Thread 0x000001db7bcedfd0 DEOPT UNPACKING pc=0x000001db0a987143 sp=0x0000008c675fc9e0 mode 0
Event: 0.465 Thread 0x000001db7bcedfd0 DEOPT PACKING pc=0x000001db0342e07e sp=0x0000008c675fd570
Event: 0.465 Thread 0x000001db7bcedfd0 DEOPT UNPACKING pc=0x000001db0a987143 sp=0x0000008c675fc9e0 mode 0
Event: 0.478 Thread 0x000001db7bcedfd0 DEOPT PACKING pc=0x000001db034440be sp=0x0000008c675fd230
Event: 0.478 Thread 0x000001db7bcedfd0 DEOPT UNPACKING pc=0x000001db0a987143 sp=0x0000008c675fc6a8 mode 0
Event: 0.478 Thread 0x000001db7bcedfd0 DEOPT PACKING pc=0x000001db034440be sp=0x0000008c675fd230
Event: 0.478 Thread 0x000001db7bcedfd0 DEOPT UNPACKING pc=0x000001db0a987143 sp=0x0000008c675fc6a8 mode 0
Event: 0.481 Thread 0x000001db7bcedfd0 DEOPT PACKING pc=0x000001db034440be sp=0x0000008c675fd230
Event: 0.481 Thread 0x000001db7bcedfd0 DEOPT UNPACKING pc=0x000001db0a987143 sp=0x0000008c675fc6a8 mode 0
Event: 0.481 Thread 0x000001db7bcedfd0 DEOPT PACKING pc=0x000001db034440be sp=0x0000008c675fd230
Event: 0.481 Thread 0x000001db7bcedfd0 DEOPT UNPACKING pc=0x000001db0a987143 sp=0x0000008c675fc6a8 mode 0
Event: 0.533 Thread 0x000001db7bcedfd0 DEOPT PACKING pc=0x000001db034522da sp=0x0000008c675fd070
Event: 0.533 Thread 0x000001db7bcedfd0 DEOPT UNPACKING pc=0x000001db0a987143 sp=0x0000008c675fc530 mode 0
Event: 0.544 Thread 0x000001db7bcedfd0 DEOPT PACKING pc=0x000001db034522da sp=0x0000008c675fd090
Event: 0.544 Thread 0x000001db7bcedfd0 DEOPT UNPACKING pc=0x000001db0a987143 sp=0x0000008c675fc550 mode 0

Classes unloaded (0 events):
No events

Classes redefined (0 events):
No events

Internal exceptions (1 events):
Event: 0.410 Thread 0x000001db7bcedfd0 Exception <a 'java/lang/NoSuchMethodError'{0x0000000097c262c8}: 'int java.lang.invoke.DirectMethodHandle$Holder.invokeStaticInit(java.lang.Object, java.lang.Object)'> (0x0000000097c262c8) 
thrown [s\src\hotspot\share\interpreter\linkResolver.cpp, line 771]

VM Operations (2 events):
Event: 0.195 Executing VM operation: HandshakeAllThreads
Event: 0.195 Executing VM operation: HandshakeAllThreads done

Events (20 events):
Event: 0.415 loading class java/io/FileFilter
Event: 0.415 loading class java/io/FileFilter done
Event: 0.434 loading class java/util/Collections$UnmodifiableList
Event: 0.434 loading class java/util/Collections$UnmodifiableList done
Event: 0.434 loading class java/util/Collections$UnmodifiableRandomAccessList
Event: 0.434 loading class java/util/Collections$UnmodifiableRandomAccessList done
Event: 0.442 loading class java/util/AbstractList$Itr
Event: 0.442 loading class java/util/AbstractList$Itr done
Event: 0.444 loading class java/util/zip/ZipException
Event: 0.444 loading class java/util/zip/ZipException done
Event: 0.445 loading class java/util/ArrayList$SubList
Event: 0.445 loading class java/util/ArrayList$SubList done
Event: 0.458 loading class java/util/Collections$UnmodifiableCollection$1
Event: 0.458 loading class java/util/Collections$UnmodifiableCollection$1 done
Event: 0.462 loading class java/util/Collections$SingletonSet
Event: 0.462 loading class java/util/Collections$SingletonSet done
Event: 0.462 loading class java/util/Collections$1
Event: 0.462 loading class java/util/Collections$1 done
Event: 0.467 loading class java/lang/invoke/DirectMethodHandle$Special
Event: 0.467 loading class java/lang/invoke/DirectMethodHandle$Special done


Dynamic libraries:
0x00007ff70d320000 - 0x00007ff70d32a000 	C:\Program Files\Android\Android Studio\jbr\bin\java.exe
0x00007ffec3a90000 - 0x00007ffec3ca4000 	C:\WINDOWS\SYSTEM32\ntdll.dll
0x00007ffe93910000 - 0x00007ffe93929000 	C:\Program Files\AVG\Antivirus\aswhook.dll
0x00007ffec34d0000 - 0x00007ffec3594000 	C:\WINDOWS\System32\KERNEL32.DLL
0x00007ffec1010000 - 0x00007ffec13b4000 	C:\WINDOWS\System32\KERNELBASE.dll
0x00007ffe8af70000 - 0x00007ffe8af8b000 	C:\Program Files\Android\Android Studio\jbr\bin\VCRUNTIME140.dll
0x00007ffec13c0000 - 0x00007ffec14d1000 	C:\WINDOWS\System32\ucrtbase.dll
0x00007ffebb390000 - 0x00007ffebb3a7000 	C:\Program Files\Android\Android Studio\jbr\bin\jli.dll
0x00007ffec35a0000 - 0x00007ffec374e000 	C:\WINDOWS\System32\USER32.dll
0x00007ffec0ec0000 - 0x00007ffec0ee6000 	C:\WINDOWS\System32\win32u.dll
0x00007ffea9540000 - 0x00007ffea97d3000 	C:\WINDOWS\WinSxS\amd64_microsoft.windows.common-controls_6595b64144ccf1df_6.0.22621.2215_none_270d72677387dfc3\COMCTL32.dll
0x00007ffec3860000 - 0x00007ffec3907000 	C:\WINDOWS\System32\msvcrt.dll
0x00007ffec1880000 - 0x00007ffec18a9000 	C:\WINDOWS\System32\GDI32.dll
0x00007ffec0ef0000 - 0x00007ffec1008000 	C:\WINDOWS\System32\gdi32full.dll
0x00007ffec1780000 - 0x00007ffec181a000 	C:\WINDOWS\System32\msvcp_win.dll
0x00007ffec1820000 - 0x00007ffec1851000 	C:\WINDOWS\System32\IMM32.DLL
0x00007ffe8b6e0000 - 0x00007ffe8b6ec000 	C:\Program Files\Android\Android Studio\jbr\bin\vcruntime140_1.dll
0x00007ffe8aee0000 - 0x00007ffe8af6d000 	C:\Program Files\Android\Android Studio\jbr\bin\msvcp140.dll
0x00007ffe52e00000 - 0x00007ffe53a6e000 	C:\Program Files\Android\Android Studio\jbr\bin\server\jvm.dll
0x00007ffec3750000 - 0x00007ffec3800000 	C:\WINDOWS\System32\ADVAPI32.dll
0x00007ffec2d60000 - 0x00007ffec2e06000 	C:\WINDOWS\System32\sechost.dll
0x00007ffec1940000 - 0x00007ffec1a57000 	C:\WINDOWS\System32\RPCRT4.dll
0x00007ffeb0ed0000 - 0x00007ffeb0ed9000 	C:\WINDOWS\SYSTEM32\WSOCK32.dll
0x00007ffeb94a0000 - 0x00007ffeb94d4000 	C:\WINDOWS\SYSTEM32\WINMM.dll
0x00007ffeb9080000 - 0x00007ffeb908a000 	C:\WINDOWS\SYSTEM32\VERSION.dll
0x00007ffec3910000 - 0x00007ffec3981000 	C:\WINDOWS\System32\WS2_32.dll
0x00007ffebfe40000 - 0x00007ffebfe58000 	C:\WINDOWS\SYSTEM32\kernel.appcore.dll
0x00007ffebdaf0000 - 0x00007ffebdafa000 	C:\Program Files\Android\Android Studio\jbr\bin\jimage.dll
0x00007ffebe5a0000 - 0x00007ffebe7ce000 	C:\WINDOWS\SYSTEM32\DBGHELP.DLL
0x00007ffec1ae0000 - 0x00007ffec1e6a000 	C:\WINDOWS\System32\combase.dll
0x00007ffec2c80000 - 0x00007ffec2d57000 	C:\WINDOWS\System32\OLEAUT32.dll
0x00007ffeb4ef0000 - 0x00007ffeb4f22000 	C:\WINDOWS\SYSTEM32\dbgcore.DLL
0x00007ffec0e40000 - 0x00007ffec0eba000 	C:\WINDOWS\System32\bcryptPrimitives.dll
0x00007ffebaec0000 - 0x00007ffebaee5000 	C:\Program Files\Android\Android Studio\jbr\bin\java.dll
0x00007ffea0b30000 - 0x00007ffea0b48000 	C:\Program Files\Android\Android Studio\jbr\bin\zip.dll
0x00007ffec2390000 - 0x00007ffec2bb3000 	C:\WINDOWS\System32\SHELL32.dll
0x00007ffebedd0000 - 0x00007ffebf6ba000 	C:\WINDOWS\SYSTEM32\windows.storage.dll
0x00007ffebec90000 - 0x00007ffebedce000 	C:\WINDOWS\SYSTEM32\wintypes.dll
0x00007ffec2190000 - 0x00007ffec2283000 	C:\WINDOWS\System32\SHCORE.dll
0x00007ffec2e30000 - 0x00007ffec2e8e000 	C:\WINDOWS\System32\shlwapi.dll
0x00007ffec0d70000 - 0x00007ffec0d96000 	C:\WINDOWS\SYSTEM32\profapi.dll
0x00007ffea0b10000 - 0x00007ffea0b29000 	C:\Program Files\Android\Android Studio\jbr\bin\net.dll
0x00007ffeb91e0000 - 0x00007ffeb9317000 	C:\WINDOWS\SYSTEM32\WINHTTP.dll
0x00007ffec0310000 - 0x00007ffec0379000 	C:\WINDOWS\system32\mswsock.dll
0x00007ffea0af0000 - 0x00007ffea0b06000 	C:\Program Files\Android\Android Studio\jbr\bin\nio.dll
0x00007ffea0ad0000 - 0x00007ffea0ae0000 	C:\Program Files\Android\Android Studio\jbr\bin\verify.dll

dbghelp: loaded successfully - version: 4.0.5 - missing functions: none
symbol engine: initialized successfully - sym options: 0x614 - pdb path: .;C:\Program Files\Android\Android Studio\jbr\bin;C:\WINDOWS\SYSTEM32;C:\Program Files\AVG\Antivirus;C:\WINDOWS\WinSxS\amd64_microsoft.windows.common-controls_6595b64144ccf1df_6.0.22621.2215_none_270d72677387dfc3;C:\Program Files\Android\Android Studio\jbr\bin\server

VM Arguments:
jvm_args: -Dorg.gradle.appname=gradlew 
java_command: org.gradle.wrapper.GradleWrapperMain -q -Ptarget-platform=android-x86 -Ptarget=C:\Users\Nanis\movieapp_200644\lib\main.dart -Pbase-application-name=android.app.Application -Pdart-defines=RkxVVFRFUl9XRUJfQVVUT19ERVRFQ1Q9dHJ1ZQ==,RkxVVFRFUl9XRUJfQ0FOVkFTS0lUX1VSTD1odHRwczovL3d3dy5nc3RhdGljLmNvbS9mbHV0dGVyLWNhbnZhc2tpdC9iMjAxODNlMDQwOTYwOTRiY2MzN2Q5Y2RlMmE0Yjk2ZjVjYzY4NGNmLw== -Pdart-obfuscation=false -Ptrack-widget-creation=true -Ptree-shake-icons=false -Pfilesystem-scheme=org-dartlang-root assembleDebug
java_class_path (initial): C:\Users\Nanis\movieapp_200644\android\\gradle\wrapper\gradle-wrapper.jar
Launcher Type: SUN_STANDARD

[Global flags]
     intx CICompilerCount                          = 4                                         {product} {ergonomic}
     uint ConcGCThreads                            = 2                                         {product} {ergonomic}
     uint G1ConcRefinementThreads                  = 8                                         {product} {ergonomic}
   size_t G1HeapRegionSize                         = 1048576                                   {product} {ergonomic}
    uintx GCDrainStackTargetSize                   = 64                                        {product} {ergonomic}
   size_t InitialHeapSize                          = 117440512                                 {product} {ergonomic}
   size_t MarkStackSize                            = 4194304                                   {product} {ergonomic}
   size_t MaxHeapSize                              = 1862270976                                {product} {ergonomic}
   size_t MaxNewSize                               = 1116733440                                {product} {ergonomic}
   size_t MinHeapDeltaBytes                        = 1048576                                   {product} {ergonomic}
   size_t MinHeapSize                              = 8388608                                   {product} {ergonomic}
    uintx NonNMethodCodeHeapSize                   = 5839372                                {pd product} {ergonomic}
    uintx NonProfiledCodeHeapSize                  = 122909434                              {pd product} {ergonomic}
    uintx ProfiledCodeHeapSize                     = 122909434                              {pd product} {ergonomic}
    uintx ReservedCodeCacheSize                    = 251658240                              {pd product} {ergonomic}
     bool SegmentedCodeCache                       = true                                      {product} {ergonomic}
   size_t SoftMaxHeapSize                          = 1862270976                             {manageable} {ergonomic}
     bool UseCompressedClassPointers               = true                           {product lp64_product} {ergonomic}
     bool UseCompressedOops                        = true                           {product lp64_product} {ergonomic}
     bool UseG1GC                                  = true                                      {product} {ergonomic}
     bool UseLargePagesIndividualAllocation        = false                                  {pd product} {ergonomic}

Logging:
Log output configuration:
 #0: stdout all=warning uptime,level,tags
 #1: stderr all=off uptime,level,tags

Environment Variables:
JAVA_HOME=C:\Program Files\Android\Android Studio\jbr
CLASSPATH=C:\Users\Nanis\movieapp_200644\android\\gradle\wrapper\gradle-wrapper.jar
PATH=C:\Program Files\Android\Android Studio\jbr\bin;C:\Program Files\Microsoft\jdk-11.0.16.101-hotspot\bin;C:\Program Files\Python311\Scripts\;C:\Program Files\Python311\;C:\Program Files (x86)\Common Files\Oracle\Java\javapath;C:\WINDOWS\system32;C:\WINDOWS;C:\WINDOWS\System32\Wbem;C:\WINDOWS\System32\WindowsPowerShell\v1.0\;C:\WINDOWS\System32\OpenSSH\;C:\Program Files\MongoDB Compass\bin;C:\Program Files\nodejs\;C:\Program Files\Git\cmd;C:\Program Files\flutter\bin;C:\Program Files\Microsoft SQL Server\150\Tools\Binn\;C:\Program Files\Microsoft SQL Server\Client SDK\ODBC\170\Tools\Binn\;C:\Program Files\dotnet\;C:\Program Files (x86)\Windows Kits\10\Windows Performance Toolkit\;C:\Users\Nanis\anaconda3;C:\Users\Nanis\anaconda3\Library\mingw-w64\bin;C:\Users\Nanis\anaconda3\Library\usr\bin;C:\Users\Nanis\anaconda3\Library\bin;C:\Users\Nanis\anaconda3\Scripts;C:\Users\Nanis\.console-ninja\.bin;C:\Program Files\MySQL\MySQL Shell 8.0\bin\;C:\Users\Nanis\AppData\Local\Microsoft\WindowsApps;C:\Users\Nanis\AppData\Roaming\npm;C:\Users\Nanis\AppData\Local\GitHubDesktop\bin;C:\Program Files\flutter\bin;C:\Users\Nanis\.dotnet\tools;C:\Users\Nanis\AppData\Local\Programs\Microsoft VS Code\bin;C:\Program Files\flutter\bin\mingit\cmd
USERNAME=Nanis
OS=Windows_NT
PROCESSOR_IDENTIFIER=AMD64 Family 23 Model 24 Stepping 1, AuthenticAMD
TMP=C:\Users\Nanis\AppData\Local\Temp
TEMP=C:\Users\Nanis\AppData\Local\Temp


JNI global refs:
JNI global refs: 8, weak refs: 0

JNI global refs memory usage: 843, weak refs: 841


---------------  S Y S T E M  ---------------

OS:
 Windows 11 , 64 bit Build 22621 (10.0.22621.2215)
OS uptime: 0 days 0:28 hours

CPU: total 8 (initial active 8) (8 cores per cpu, 2 threads per core) family 23 model 24 stepping 1 microcode 0x0, cx8, cmov, fxsr, ht, mmx, 3dnowpref, sse, sse2, sse3, ssse3, sse4a, sse4.1, sse4.2, popcnt, lzcnt, tsc, tscinvbit, avx, avx2, aes, clmul, bmi1, bmi2, adx, sha, fma, vzeroupper, clflush, clflushopt

Memory: 4k page, system-wide physical 7103M (172M free)
TotalPageFile size 28607M (AvailPageFile size 0M)
current process WorkingSet (physical memory assigned to process): 52M, peak: 52M
current process commit charge ("private bytes"): 193M, peak: 193M

vm_info: OpenJDK 64-Bit Server VM (17.0.6+0-b2043.56-10027231) for windows-amd64 JRE (17.0.6+0-b2043.56-10027231), built on Apr 28 2023 00:43:19 by "androidbuild" with MS VC++ 16.10 / 16.11 (VS2019)

END.
